

Microchip MPLAB XC8 Assembler V2.31 build 20201012212115 
                                                                                               Thu Feb 25 20:02:18 2021

Microchip MPLAB XC8 C Compiler v2.31 (Free license) build 20201012212115 Og1 
     1                           	processor	18F27Q43
     2                           	fnconf	rparam,??,?,0
     3                           	pagewidth 120
     4                           	opt	flic
     5                           	psect	cinit,global,reloc=2,class=CODE,delta=1
     6                           	psect	bssCOMRAM,global,class=COMRAM,space=1,delta=1,lowdata,noexec
     7                           	psect	cstackCOMRAM,global,class=COMRAM,space=1,delta=1,lowdata,noexec
     8                           	psect	text0,global,reloc=2,class=CODE,delta=1
     9                           	psect	text1,global,reloc=2,class=CODE,delta=1
    10                           	psect	text2,global,reloc=2,class=CODE,delta=1
    11                           	psect	text3,global,reloc=2,class=CODE,delta=1
    12                           	psect	text4,global,reloc=2,class=CODE,delta=1
    13                           	psect	text5,global,reloc=2,class=CODE,delta=1
    14                           	psect	text6,global,reloc=2,class=CODE,delta=1
    15                           	psect	intsave_regs,global,class=BIGRAM,space=1,delta=1,noexec
    16                           	psect	rparam,global,class=COMRAM,space=1,delta=1,noexec
    17                           	psect	idloc,global,abs,ovrld,class=IDLOC,space=5,delta=1,noexec
    18                           	psect	config,global,abs,ovrld,class=CONFIG,space=4,delta=1,noexec
    19  0000                     
    20                           ; Version 2.30
    21                           ; Generated 20/08/2020 GMT
    22                           ; 
    23                           ; Copyright © 2020, Microchip Technology Inc. and its subsidiaries ("Microchip")
    24                           ; All rights reserved.
    25                           ; 
    26                           ; This software is developed by Microchip Technology Inc. and its subsidiaries ("Microch
      +                          ip").
    27                           ; 
    28                           ; Redistribution and use in source and binary forms, with or without modification, are
    29                           ; permitted provided that the following conditions are met:
    30                           ; 
    31                           ;     1. Redistributions of source code must retain the above copyright notice, this lis
      +                          t of
    32                           ;        conditions and the following disclaimer.
    33                           ; 
    34                           ;     2. Redistributions in binary form must reproduce the above copyright notice, this 
      +                          list
    35                           ;        of conditions and the following disclaimer in the documentation and/or other
    36                           ;        materials provided with the distribution. Publication is not required when
    37                           ;        this file is used in an embedded application.
    38                           ; 
    39                           ;     3. Microchip's name may not be used to endorse or promote products derived from th
      +                          is
    40                           ;        software without specific prior written permission.
    41                           ; 
    42                           ; THIS SOFTWARE IS PROVIDED BY MICROCHIP "AS IS" AND ANY EXPRESS OR IMPLIED WARRANTIES,
    43                           ; INCLUDING, BUT NOT LIMITED TO, THE IMPLIED WARRANTIES OF MERCHANTABILITY AND FITNESS F
      +                          OR
    44                           ; PURPOSE ARE DISCLAIMED.  IN NO EVENT SHALL MICROCHIP BE LIABLE FOR ANY DIRECT, INDIREC
      +                          T,
    45                           ; INCIDENTAL, SPECIAL, EXEMPLARY, OR CONSEQUENTIAL DAMAGES (INCLUDING BUT NOT LIMITED TO
    46                           ; PROCUREMENT OF SUBSTITUTE GOODS OR SERVICES; LOSS OF USE, DATA OR PROFITS; OR BUSINESS
    47                           ; INTERRUPTION) HOWSOEVER CAUSED AND ON ANY THEORY OF LIABILITY, WHETHER IN CONTRACT, ST
      +                          RICT
    48                           ; LIABILITY, OR TORT (INCLUDING NEGLIGENCE OR OTHERWISE) ARISING IN ANY WAY OUT OF THE U
      +                          SE OF
    49                           ; THIS SOFTWARE, EVEN IF ADVISED OF THE POSSIBILITY OF SUCH DAMAGE.
    50                           ; 
    51                           ; 
    52                           ; Code-generator required, PIC18F27Q43 Definitions
    53                           ; 
    54                           ; SFR Addresses
    55  0000                     _ANSELB	set	1032
    56  0000                     _ANSELA	set	1024
    57  0000                     _TRISB	set	1223
    58  0000                     _TRISA	set	1222
    59  0000                     _LATB	set	1215
    60  0000                     _LATA	set	1214
    61  0000                     _PORTB	set	1231
    62  0000                     _PORTA	set	1230
    63                           
    64                           ; #config settings
    65                           
    66                           	psect	cinit
    67  01FF20                     __pcinit:
    68                           	callstack 0
    69  01FF20                     start_initialization:
    70                           	callstack 0
    71  01FF20                     __initialization:
    72                           	callstack 0
    73                           
    74                           ; Clear objects allocated to COMRAM (13 bytes)
    75  01FF20  EE01  F101         	lfsr	0,__pbssCOMRAM
    76  01FF24  0E0D               	movlw	13
    77  01FF26                     clear_0:
    78  01FF26  6AEE               	clrf	postinc0,c
    79  01FF28  06E8               	decf	wreg,f,c
    80  01FF2A  E1FD               	bnz	clear_0
    81  01FF2C                     end_of_initialization:
    82                           	callstack 0
    83  01FF2C                     __end_of__initialization:
    84                           	callstack 0
    85  01FF2C  0100               	movlb	0
    86  01FF2E  EFAA  F0FF         	goto	_main	;jump to C main() function
    87                           
    88                           	psect	bssCOMRAM
    89  000501                     __pbssCOMRAM:
    90                           	callstack 0
    91  000501                     _G_u32SystemFlags:
    92                           	callstack 0
    93  000501                     	ds	4
    94  000505                     _G_u32SystemTime1s:
    95                           	callstack 0
    96  000505                     	ds	4
    97  000509                     _G_u32SystemTime1ms:
    98                           	callstack 0
    99  000509                     	ds	4
   100  00050D                     _G_u8UserAppFlags:
   101                           	callstack 0
   102  00050D                     	ds	1
   103                           
   104                           	psect	cstackCOMRAM
   105  00050E                     __pcstackCOMRAM:
   106                           	callstack 0
   107  00050E                     
   108                           ; 1 bytes @ 0x0
   109  00050E                     	ds	4
   110  000512                     UserAppRun@button:
   111                           	callstack 0
   112                           
   113                           ; 2 bytes @ 0x4
   114  000512                     	ds	2
   115  000514                     
   116                           ; 1 bytes @ 0x6
   117 ;;
   118 ;;Main: autosize = 0, tempsize = 0, incstack = 0, save=0
   119 ;;
   120 ;; *************** function _main *****************
   121 ;; Defined at:
   122 ;;		line 35 in file "main.c"
   123 ;; Parameters:    Size  Location     Type
   124 ;;		None
   125 ;; Auto vars:     Size  Location     Type
   126 ;;		None
   127 ;; Return value:  Size  Location     Type
   128 ;;                  1    wreg      void 
   129 ;; Registers used:
   130 ;;		wreg, status,2, status,0, cstack
   131 ;; Tracked objects:
   132 ;;		On entry : 0/0
   133 ;;		On exit  : 0/0
   134 ;;		Unchanged: 0/0
   135 ;; Data sizes:     COMRAM   BANK5   BANK6   BANK7   BANK8   BANK9  BANK10  BANK11  BANK12  BANK13  BANK14  BANK15  BANK1
      +6  BANK17  BANK18  BANK19  BANK20  BANK21  BANK22  BANK23  BANK24  BANK25  BANK26  BANK27  BANK28  BANK29  BANK30  BANK3
      +1  BANK32  BANK33  BANK34  BANK35  BANK36  BANK37
   136 ;;      Params:         0       0       0       0       0       0       0       0       0       0       0       0       
      +0       0       0       0       0       0       0       0       0       0       0       0       0       0       0       
      +0       0       0       0       0       0       0
   137 ;;      Locals:         0       0       0       0       0       0       0       0       0       0       0       0       
      +0       0       0       0       0       0       0       0       0       0       0       0       0       0       0       
      +0       0       0       0       0       0       0
   138 ;;      Temps:          0       0       0       0       0       0       0       0       0       0       0       0       
      +0       0       0       0       0       0       0       0       0       0       0       0       0       0       0       
      +0       0       0       0       0       0       0
   139 ;;      Totals:         0       0       0       0       0       0       0       0       0       0       0       0       
      +0       0       0       0       0       0       0       0       0       0       0       0       0       0       0       
      +0       0       0       0       0       0       0
   140 ;;Total ram usage:        0 bytes
   141 ;; Hardware stack levels required when called:    1
   142 ;; This function calls:
   143 ;;		_ClockSetup
   144 ;;		_GpioSetup
   145 ;;		_SysTickSetup
   146 ;;		_SystemSleep
   147 ;;		_UserAppInitialize
   148 ;;		_UserAppRun
   149 ;; This function is called by:
   150 ;;		Startup code after reset
   151 ;; This function uses a non-reentrant model
   152 ;;
   153                           
   154                           	psect	text0
   155  01FF54                     __ptext0:
   156                           	callstack 0
   157  01FF54                     _main:
   158                           	callstack 127
   159  01FF54                     
   160                           ;main.c: 37:   G_u32SystemFlags |= (u32)0x80000000;
   161  01FF54  8E04               	bsf	(_G_u32SystemFlags+3)^(0+1280),7,c	;volatile
   162  01FF56                     
   163                           ;main.c: 40:   ClockSetup();
   164  01FF56  EC8D  F0FF         	call	_ClockSetup	;wreg free
   165  01FF5A                     
   166                           ;main.c: 41:   SysTickSetup();
   167  01FF5A  EC99  F0FF         	call	_SysTickSetup	;wreg free
   168  01FF5E                     
   169                           ;main.c: 42:   GpioSetup();
   170  01FF5E  ECBB  F0FF         	call	_GpioSetup	;wreg free
   171  01FF62                     
   172                           ;main.c: 47:   UserAppInitialize();
   173  01FF62  EC8F  F0FF         	call	_UserAppInitialize	;wreg free
   174  01FF66                     l800:
   175                           
   176                           ;main.c: 53:   {;main.c: 57:     UserAppRun();
   177  01FF66  ECCD  F0FF         	call	_UserAppRun	;wreg free
   178  01FF6A                     
   179                           ;main.c: 62:     SystemSleep();
   180  01FF6A  EC8E  F0FF         	call	_SystemSleep	;wreg free
   181  01FF6E  EFB3  F0FF         	goto	l800
   182  01FF72  EFFE  F0FF         	goto	start
   183  01FF76                     __end_of_main:
   184                           	callstack 0
   185                           
   186 ;; *************** function _UserAppRun *****************
   187 ;; Defined at:
   188 ;;		line 95 in file "user_app.c"
   189 ;; Parameters:    Size  Location     Type
   190 ;;		None
   191 ;; Auto vars:     Size  Location     Type
   192 ;;  u32Counter      4    0        unsigned long 
   193 ;;  button          2    4[COMRAM] int 
   194 ;; Return value:  Size  Location     Type
   195 ;;                  1    wreg      void 
   196 ;; Registers used:
   197 ;;		wreg, status,2, status,0
   198 ;; Tracked objects:
   199 ;;		On entry : 0/0
   200 ;;		On exit  : 0/0
   201 ;;		Unchanged: 0/0
   202 ;; Data sizes:     COMRAM   BANK5   BANK6   BANK7   BANK8   BANK9  BANK10  BANK11  BANK12  BANK13  BANK14  BANK15  BANK1
      +6  BANK17  BANK18  BANK19  BANK20  BANK21  BANK22  BANK23  BANK24  BANK25  BANK26  BANK27  BANK28  BANK29  BANK30  BANK3
      +1  BANK32  BANK33  BANK34  BANK35  BANK36  BANK37
   203 ;;      Params:         0       0       0       0       0       0       0       0       0       0       0       0       
      +0       0       0       0       0       0       0       0       0       0       0       0       0       0       0       
      +0       0       0       0       0       0       0
   204 ;;      Locals:         6       0       0       0       0       0       0       0       0       0       0       0       
      +0       0       0       0       0       0       0       0       0       0       0       0       0       0       0       
      +0       0       0       0       0       0       0
   205 ;;      Temps:          0       0       0       0       0       0       0       0       0       0       0       0       
      +0       0       0       0       0       0       0       0       0       0       0       0       0       0       0       
      +0       0       0       0       0       0       0
   206 ;;      Totals:         6       0       0       0       0       0       0       0       0       0       0       0       
      +0       0       0       0       0       0       0       0       0       0       0       0       0       0       0       
      +0       0       0       0       0       0       0
   207 ;;Total ram usage:        6 bytes
   208 ;; Hardware stack levels used:    1
   209 ;; This function calls:
   210 ;;		Nothing
   211 ;; This function is called by:
   212 ;;		_main
   213 ;; This function uses a non-reentrant model
   214 ;;
   215                           
   216                           	psect	text1
   217  01FF9A                     __ptext1:
   218                           	callstack 0
   219  01FF9A                     _UserAppRun:
   220                           	callstack 127
   221  01FF9A                     l70:
   222  01FF9A                     
   223                           ;user_app.c: 100:         int button;;user_app.c: 102:         if(PORTB==0x10)
   224  01FF9A  0E10               	movlw	16
   225  01FF9C  18CF               	xorwf	207,w,c	;volatile
   226  01FF9E  A4D8               	btfss	status,2,c
   227  01FFA0  EFD4  F0FF         	goto	u11
   228  01FFA4  EFD6  F0FF         	goto	u10
   229  01FFA8                     u11:
   230  01FFA8  EFDA  F0FF         	goto	l762
   231  01FFAC                     u10:
   232  01FFAC                     
   233                           ;user_app.c: 103:         {;user_app.c: 104:             button = 0;
   234  01FFAC  0E00               	movlw	0
   235  01FFAE  6E13               	movwf	(UserAppRun@button+1)^(0+1280),c
   236  01FFB0  0E00               	movlw	0
   237  01FFB2  6E12               	movwf	UserAppRun@button^(0+1280),c
   238  01FFB4                     l762:
   239                           
   240                           ;user_app.c: 107:         if(PORTB==0x30&&button==0)
   241  01FFB4  0E30               	movlw	48
   242  01FFB6  18CF               	xorwf	207,w,c	;volatile
   243  01FFB8  A4D8               	btfss	status,2,c
   244  01FFBA  EFE1  F0FF         	goto	u21
   245  01FFBE  EFE3  F0FF         	goto	u20
   246  01FFC2                     u21:
   247  01FFC2  EFCD  F0FF         	goto	l70
   248  01FFC6                     u20:
   249  01FFC6  5012               	movf	UserAppRun@button^(0+1280),w,c
   250  01FFC8  1013               	iorwf	(UserAppRun@button+1)^(0+1280),w,c
   251  01FFCA  A4D8               	btfss	status,2,c
   252  01FFCC  EFEA  F0FF         	goto	u31
   253  01FFD0  EFEC  F0FF         	goto	u30
   254  01FFD4                     u31:
   255  01FFD4  EFCD  F0FF         	goto	l70
   256  01FFD8                     u30:
   257  01FFD8                     
   258                           ;user_app.c: 108:         {;user_app.c: 109:             button = 1;
   259  01FFD8  0E00               	movlw	0
   260  01FFDA  6E13               	movwf	(UserAppRun@button+1)^(0+1280),c
   261  01FFDC  0E01               	movlw	1
   262  01FFDE  6E12               	movwf	UserAppRun@button^(0+1280),c
   263  01FFE0                     
   264                           ;user_app.c: 110:             LATA=LATA+0x01;
   265  01FFE0  28BE               	incf	190,w,c	;volatile
   266  01FFE2  6EBE               	movwf	190,c	;volatile
   267  01FFE4                     
   268                           ;user_app.c: 111:             if(LATA==0xBF){
   269  01FFE4  0EBF               	movlw	191
   270  01FFE6  18BE               	xorwf	190,w,c	;volatile
   271  01FFE8  A4D8               	btfss	status,2,c
   272  01FFEA  EFF9  F0FF         	goto	u41
   273  01FFEE  EFFB  F0FF         	goto	u40
   274  01FFF2                     u41:
   275  01FFF2  EFCD  F0FF         	goto	l70
   276  01FFF6                     u40:
   277  01FFF6                     
   278                           ;user_app.c: 112:                 LATA=0x80;
   279  01FFF6  0E80               	movlw	128
   280  01FFF8  6EBE               	movwf	190,c	;volatile
   281  01FFFA  0012               	return		;funcret
   282  01FFFC                     __end_of_UserAppRun:
   283                           	callstack 0
   284                           
   285 ;; *************** function _UserAppInitialize *****************
   286 ;; Defined at:
   287 ;;		line 76 in file "user_app.c"
   288 ;; Parameters:    Size  Location     Type
   289 ;;		None
   290 ;; Auto vars:     Size  Location     Type
   291 ;;		None
   292 ;; Return value:  Size  Location     Type
   293 ;;                  1    wreg      void 
   294 ;; Registers used:
   295 ;;		None
   296 ;; Tracked objects:
   297 ;;		On entry : 0/0
   298 ;;		On exit  : 0/0
   299 ;;		Unchanged: 0/0
   300 ;; Data sizes:     COMRAM   BANK5   BANK6   BANK7   BANK8   BANK9  BANK10  BANK11  BANK12  BANK13  BANK14  BANK15  BANK1
      +6  BANK17  BANK18  BANK19  BANK20  BANK21  BANK22  BANK23  BANK24  BANK25  BANK26  BANK27  BANK28  BANK29  BANK30  BANK3
      +1  BANK32  BANK33  BANK34  BANK35  BANK36  BANK37
   301 ;;      Params:         0       0       0       0       0       0       0       0       0       0       0       0       
      +0       0       0       0       0       0       0       0       0       0       0       0       0       0       0       
      +0       0       0       0       0       0       0
   302 ;;      Locals:         0       0       0       0       0       0       0       0       0       0       0       0       
      +0       0       0       0       0       0       0       0       0       0       0       0       0       0       0       
      +0       0       0       0       0       0       0
   303 ;;      Temps:          0       0       0       0       0       0       0       0       0       0       0       0       
      +0       0       0       0       0       0       0       0       0       0       0       0       0       0       0       
      +0       0       0       0       0       0       0
   304 ;;      Totals:         0       0       0       0       0       0       0       0       0       0       0       0       
      +0       0       0       0       0       0       0       0       0       0       0       0       0       0       0       
      +0       0       0       0       0       0       0
   305 ;;Total ram usage:        0 bytes
   306 ;; Hardware stack levels used:    1
   307 ;; This function calls:
   308 ;;		Nothing
   309 ;; This function is called by:
   310 ;;		_main
   311 ;; This function uses a non-reentrant model
   312 ;;
   313                           
   314                           	psect	text2
   315  01FF1E                     __ptext2:
   316                           	callstack 0
   317  01FF1E                     _UserAppInitialize:
   318                           	callstack 127
   319  01FF1E  0012               	return		;funcret
   320  01FF20                     __end_of_UserAppInitialize:
   321                           	callstack 0
   322                           
   323 ;; *************** function _SystemSleep *****************
   324 ;; Defined at:
   325 ;;		line 136 in file "encm369_pic18.c"
   326 ;; Parameters:    Size  Location     Type
   327 ;;		None
   328 ;; Auto vars:     Size  Location     Type
   329 ;;		None
   330 ;; Return value:  Size  Location     Type
   331 ;;                  1    wreg      void 
   332 ;; Registers used:
   333 ;;		None
   334 ;; Tracked objects:
   335 ;;		On entry : 0/0
   336 ;;		On exit  : 0/0
   337 ;;		Unchanged: 0/0
   338 ;; Data sizes:     COMRAM   BANK5   BANK6   BANK7   BANK8   BANK9  BANK10  BANK11  BANK12  BANK13  BANK14  BANK15  BANK1
      +6  BANK17  BANK18  BANK19  BANK20  BANK21  BANK22  BANK23  BANK24  BANK25  BANK26  BANK27  BANK28  BANK29  BANK30  BANK3
      +1  BANK32  BANK33  BANK34  BANK35  BANK36  BANK37
   339 ;;      Params:         0       0       0       0       0       0       0       0       0       0       0       0       
      +0       0       0       0       0       0       0       0       0       0       0       0       0       0       0       
      +0       0       0       0       0       0       0
   340 ;;      Locals:         0       0       0       0       0       0       0       0       0       0       0       0       
      +0       0       0       0       0       0       0       0       0       0       0       0       0       0       0       
      +0       0       0       0       0       0       0
   341 ;;      Temps:          0       0       0       0       0       0       0       0       0       0       0       0       
      +0       0       0       0       0       0       0       0       0       0       0       0       0       0       0       
      +0       0       0       0       0       0       0
   342 ;;      Totals:         0       0       0       0       0       0       0       0       0       0       0       0       
      +0       0       0       0       0       0       0       0       0       0       0       0       0       0       0       
      +0       0       0       0       0       0       0
   343 ;;Total ram usage:        0 bytes
   344 ;; Hardware stack levels used:    1
   345 ;; This function calls:
   346 ;;		Nothing
   347 ;; This function is called by:
   348 ;;		_main
   349 ;; This function uses a non-reentrant model
   350 ;;
   351                           
   352                           	psect	text3
   353  01FF1C                     __ptext3:
   354                           	callstack 0
   355  01FF1C                     _SystemSleep:
   356                           	callstack 127
   357  01FF1C  0012               	return		;funcret
   358  01FF1E                     __end_of_SystemSleep:
   359                           	callstack 0
   360                           
   361 ;; *************** function _SysTickSetup *****************
   362 ;; Defined at:
   363 ;;		line 114 in file "encm369_pic18.c"
   364 ;; Parameters:    Size  Location     Type
   365 ;;		None
   366 ;; Auto vars:     Size  Location     Type
   367 ;;		None
   368 ;; Return value:  Size  Location     Type
   369 ;;                  1    wreg      void 
   370 ;; Registers used:
   371 ;;		wreg, status,2
   372 ;; Tracked objects:
   373 ;;		On entry : 0/0
   374 ;;		On exit  : 0/0
   375 ;;		Unchanged: 0/0
   376 ;; Data sizes:     COMRAM   BANK5   BANK6   BANK7   BANK8   BANK9  BANK10  BANK11  BANK12  BANK13  BANK14  BANK15  BANK1
      +6  BANK17  BANK18  BANK19  BANK20  BANK21  BANK22  BANK23  BANK24  BANK25  BANK26  BANK27  BANK28  BANK29  BANK30  BANK3
      +1  BANK32  BANK33  BANK34  BANK35  BANK36  BANK37
   377 ;;      Params:         0       0       0       0       0       0       0       0       0       0       0       0       
      +0       0       0       0       0       0       0       0       0       0       0       0       0       0       0       
      +0       0       0       0       0       0       0
   378 ;;      Locals:         0       0       0       0       0       0       0       0       0       0       0       0       
      +0       0       0       0       0       0       0       0       0       0       0       0       0       0       0       
      +0       0       0       0       0       0       0
   379 ;;      Temps:          0       0       0       0       0       0       0       0       0       0       0       0       
      +0       0       0       0       0       0       0       0       0       0       0       0       0       0       0       
      +0       0       0       0       0       0       0
   380 ;;      Totals:         0       0       0       0       0       0       0       0       0       0       0       0       
      +0       0       0       0       0       0       0       0       0       0       0       0       0       0       0       
      +0       0       0       0       0       0       0
   381 ;;Total ram usage:        0 bytes
   382 ;; Hardware stack levels used:    1
   383 ;; This function calls:
   384 ;;		Nothing
   385 ;; This function is called by:
   386 ;;		_main
   387 ;; This function uses a non-reentrant model
   388 ;;
   389                           
   390                           	psect	text4
   391  01FF32                     __ptext4:
   392                           	callstack 0
   393  01FF32                     _SysTickSetup:
   394                           	callstack 127
   395  01FF32                     
   396                           ;encm369_pic18.c: 116:   G_u32SystemTime1ms = 0;
   397  01FF32  0E00               	movlw	0
   398  01FF34  6E09               	movwf	_G_u32SystemTime1ms^(0+1280),c	;volatile
   399  01FF36  0E00               	movlw	0
   400  01FF38  6E0A               	movwf	(_G_u32SystemTime1ms+1)^(0+1280),c	;volatile
   401  01FF3A  0E00               	movlw	0
   402  01FF3C  6E0B               	movwf	(_G_u32SystemTime1ms+2)^(0+1280),c	;volatile
   403  01FF3E  0E00               	movlw	0
   404  01FF40  6E0C               	movwf	(_G_u32SystemTime1ms+3)^(0+1280),c	;volatile
   405                           
   406                           ;encm369_pic18.c: 117:   G_u32SystemTime1s = 0;
   407  01FF42  0E00               	movlw	0
   408  01FF44  6E05               	movwf	_G_u32SystemTime1s^(0+1280),c	;volatile
   409  01FF46  0E00               	movlw	0
   410  01FF48  6E06               	movwf	(_G_u32SystemTime1s+1)^(0+1280),c	;volatile
   411  01FF4A  0E00               	movlw	0
   412  01FF4C  6E07               	movwf	(_G_u32SystemTime1s+2)^(0+1280),c	;volatile
   413  01FF4E  0E00               	movlw	0
   414  01FF50  6E08               	movwf	(_G_u32SystemTime1s+3)^(0+1280),c	;volatile
   415  01FF52  0012               	return		;funcret
   416  01FF54                     __end_of_SysTickSetup:
   417                           	callstack 0
   418                           
   419 ;; *************** function _GpioSetup *****************
   420 ;; Defined at:
   421 ;;		line 89 in file "encm369_pic18.c"
   422 ;; Parameters:    Size  Location     Type
   423 ;;		None
   424 ;; Auto vars:     Size  Location     Type
   425 ;;		None
   426 ;; Return value:  Size  Location     Type
   427 ;;                  1    wreg      void 
   428 ;; Registers used:
   429 ;;		wreg, status,2
   430 ;; Tracked objects:
   431 ;;		On entry : 0/0
   432 ;;		On exit  : 0/0
   433 ;;		Unchanged: 0/0
   434 ;; Data sizes:     COMRAM   BANK5   BANK6   BANK7   BANK8   BANK9  BANK10  BANK11  BANK12  BANK13  BANK14  BANK15  BANK1
      +6  BANK17  BANK18  BANK19  BANK20  BANK21  BANK22  BANK23  BANK24  BANK25  BANK26  BANK27  BANK28  BANK29  BANK30  BANK3
      +1  BANK32  BANK33  BANK34  BANK35  BANK36  BANK37
   435 ;;      Params:         0       0       0       0       0       0       0       0       0       0       0       0       
      +0       0       0       0       0       0       0       0       0       0       0       0       0       0       0       
      +0       0       0       0       0       0       0
   436 ;;      Locals:         0       0       0       0       0       0       0       0       0       0       0       0       
      +0       0       0       0       0       0       0       0       0       0       0       0       0       0       0       
      +0       0       0       0       0       0       0
   437 ;;      Temps:          0       0       0       0       0       0       0       0       0       0       0       0       
      +0       0       0       0       0       0       0       0       0       0       0       0       0       0       0       
      +0       0       0       0       0       0       0
   438 ;;      Totals:         0       0       0       0       0       0       0       0       0       0       0       0       
      +0       0       0       0       0       0       0       0       0       0       0       0       0       0       0       
      +0       0       0       0       0       0       0
   439 ;;Total ram usage:        0 bytes
   440 ;; Hardware stack levels used:    1
   441 ;; This function calls:
   442 ;;		Nothing
   443 ;; This function is called by:
   444 ;;		_main
   445 ;; This function uses a non-reentrant model
   446 ;;
   447                           
   448                           	psect	text5
   449  01FF76                     __ptext5:
   450                           	callstack 0
   451  01FF76                     _GpioSetup:
   452                           	callstack 127
   453  01FF76                     
   454                           ;encm369_pic18.c: 91:     PORTA = 0x00;
   455  01FF76  0E00               	movlw	0
   456  01FF78  6ECE               	movwf	206,c	;volatile
   457                           
   458                           ;encm369_pic18.c: 92:     PORTB = 0x00;
   459  01FF7A  0E00               	movlw	0
   460  01FF7C  6ECF               	movwf	207,c	;volatile
   461                           
   462                           ;encm369_pic18.c: 93:     LATA = 0x80;
   463  01FF7E  0E80               	movlw	128
   464  01FF80  6EBE               	movwf	190,c	;volatile
   465                           
   466                           ;encm369_pic18.c: 94:     LATB = 0x00;
   467  01FF82  0E00               	movlw	0
   468  01FF84  6EBF               	movwf	191,c	;volatile
   469                           
   470                           ;encm369_pic18.c: 95:     ANSELA = 0x00;
   471  01FF86  0E00               	movlw	0
   472  01FF88  0104               	movlb	4	; () banked
   473  01FF8A  6F00               	movwf	0,b	;volatile
   474                           
   475                           ;encm369_pic18.c: 96:     ANSELB = 0x00;
   476  01FF8C  0E00               	movlw	0
   477  01FF8E  6F08               	movwf	8,b	;volatile
   478                           
   479                           ;encm369_pic18.c: 97:     TRISA = 0x00;
   480  01FF90  0E00               	movlw	0
   481  01FF92  6EC6               	movwf	198,c	;volatile
   482                           
   483                           ;encm369_pic18.c: 98:     TRISB = 0x30;
   484  01FF94  0E30               	movlw	48
   485  01FF96  6EC7               	movwf	199,c	;volatile
   486  01FF98                     
   487                           ; BSR set to: 4
   488  01FF98  0012               	return		;funcret
   489  01FF9A                     __end_of_GpioSetup:
   490                           	callstack 0
   491                           
   492 ;; *************** function _ClockSetup *****************
   493 ;; Defined at:
   494 ;;		line 70 in file "encm369_pic18.c"
   495 ;; Parameters:    Size  Location     Type
   496 ;;		None
   497 ;; Auto vars:     Size  Location     Type
   498 ;;		None
   499 ;; Return value:  Size  Location     Type
   500 ;;                  1    wreg      void 
   501 ;; Registers used:
   502 ;;		None
   503 ;; Tracked objects:
   504 ;;		On entry : 0/0
   505 ;;		On exit  : 0/0
   506 ;;		Unchanged: 0/0
   507 ;; Data sizes:     COMRAM   BANK5   BANK6   BANK7   BANK8   BANK9  BANK10  BANK11  BANK12  BANK13  BANK14  BANK15  BANK1
      +6  BANK17  BANK18  BANK19  BANK20  BANK21  BANK22  BANK23  BANK24  BANK25  BANK26  BANK27  BANK28  BANK29  BANK30  BANK3
      +1  BANK32  BANK33  BANK34  BANK35  BANK36  BANK37
   508 ;;      Params:         0       0       0       0       0       0       0       0       0       0       0       0       
      +0       0       0       0       0       0       0       0       0       0       0       0       0       0       0       
      +0       0       0       0       0       0       0
   509 ;;      Locals:         0       0       0       0       0       0       0       0       0       0       0       0       
      +0       0       0       0       0       0       0       0       0       0       0       0       0       0       0       
      +0       0       0       0       0       0       0
   510 ;;      Temps:          0       0       0       0       0       0       0       0       0       0       0       0       
      +0       0       0       0       0       0       0       0       0       0       0       0       0       0       0       
      +0       0       0       0       0       0       0
   511 ;;      Totals:         0       0       0       0       0       0       0       0       0       0       0       0       
      +0       0       0       0       0       0       0       0       0       0       0       0       0       0       0       
      +0       0       0       0       0       0       0
   512 ;;Total ram usage:        0 bytes
   513 ;; Hardware stack levels used:    1
   514 ;; This function calls:
   515 ;;		Nothing
   516 ;; This function is called by:
   517 ;;		_main
   518 ;; This function uses a non-reentrant model
   519 ;;
   520                           
   521                           	psect	text6
   522  01FF1A                     __ptext6:
   523                           	callstack 0
   524  01FF1A                     _ClockSetup:
   525                           	callstack 127
   526  01FF1A  0012               	return		;funcret
   527  01FF1C                     __end_of_ClockSetup:
   528                           	callstack 0
   529  0000                     
   530                           	psect	rparam
   531  0000                     
   532                           	psect	idloc
   533                           
   534                           ;Config register IDLOC0 @ 0x200000
   535                           ;	unspecified, using default values
   536  200000                     	org	2097152
   537  200000  0FFF               	dw	4095
   538                           
   539                           ;Config register IDLOC1 @ 0x200002
   540                           ;	unspecified, using default values
   541  200002                     	org	2097154
   542  200002  0FFF               	dw	4095
   543                           
   544                           ;Config register IDLOC2 @ 0x200004
   545                           ;	unspecified, using default values
   546  200004                     	org	2097156
   547  200004  0FFF               	dw	4095
   548                           
   549                           ;Config register IDLOC3 @ 0x200006
   550                           ;	unspecified, using default values
   551  200006                     	org	2097158
   552  200006  0FFF               	dw	4095
   553                           
   554                           ;Config register IDLOC4 @ 0x200008
   555                           ;	unspecified, using default values
   556  200008                     	org	2097160
   557  200008  0FFF               	dw	4095
   558                           
   559                           ;Config register IDLOC5 @ 0x20000A
   560                           ;	unspecified, using default values
   561  20000A                     	org	2097162
   562  20000A  0FFF               	dw	4095
   563                           
   564                           ;Config register IDLOC6 @ 0x20000C
   565                           ;	unspecified, using default values
   566  20000C                     	org	2097164
   567  20000C  0FFF               	dw	4095
   568                           
   569                           ;Config register IDLOC7 @ 0x20000E
   570                           ;	unspecified, using default values
   571  20000E                     	org	2097166
   572  20000E  0FFF               	dw	4095
   573                           
   574                           ;Config register IDLOC8 @ 0x200010
   575                           ;	unspecified, using default values
   576  200010                     	org	2097168
   577  200010  0FFF               	dw	4095
   578                           
   579                           ;Config register IDLOC9 @ 0x200012
   580                           ;	unspecified, using default values
   581  200012                     	org	2097170
   582  200012  0FFF               	dw	4095
   583                           
   584                           ;Config register IDLOC10 @ 0x200014
   585                           ;	unspecified, using default values
   586  200014                     	org	2097172
   587  200014  0FFF               	dw	4095
   588                           
   589                           ;Config register IDLOC11 @ 0x200016
   590                           ;	unspecified, using default values
   591  200016                     	org	2097174
   592  200016  0FFF               	dw	4095
   593                           
   594                           ;Config register IDLOC12 @ 0x200018
   595                           ;	unspecified, using default values
   596  200018                     	org	2097176
   597  200018  0FFF               	dw	4095
   598                           
   599                           ;Config register IDLOC13 @ 0x20001A
   600                           ;	unspecified, using default values
   601  20001A                     	org	2097178
   602  20001A  0FFF               	dw	4095
   603                           
   604                           ;Config register IDLOC14 @ 0x20001C
   605                           ;	unspecified, using default values
   606  20001C                     	org	2097180
   607  20001C  0FFF               	dw	4095
   608                           
   609                           ;Config register IDLOC15 @ 0x20001E
   610                           ;	unspecified, using default values
   611  20001E                     	org	2097182
   612  20001E  0FFF               	dw	4095
   613                           
   614                           	psect	config
   615                           
   616                           ;Config register CONFIG1 @ 0x300000
   617                           ;	External Oscillator Selection
   618                           ;	FEXTOSC = OFF, Oscillator not enabled
   619                           ;	Reset Oscillator Selection
   620                           ;	RSTOSC = HFINTOSC_64MHZ, HFINTOSC with HFFRQ = 64 MHz and CDIV = 1:1
   621  300000                     	org	3145728
   622  300000  8C                 	db	140
   623                           
   624                           ;Config register CONFIG2 @ 0x300001
   625                           ;	Clock out Enable bit
   626                           ;	CLKOUTEN = ON, CLKOUT function is enabled
   627                           ;	PRLOCKED One-Way Set Enable bit
   628                           ;	PR1WAY = ON, PRLOCKED bit can be cleared and set only once
   629                           ;	Clock Switch Enable bit
   630                           ;	CSWEN = ON, Writing to NOSC and NDIV is allowed
   631                           ;	Fail-Safe Clock Monitor Enable bit
   632                           ;	FCMEN = ON, Fail-Safe Clock Monitor enabled
   633  300001                     	org	3145729
   634  300001  FE                 	db	254
   635                           
   636                           ;Config register CONFIG3 @ 0x300002
   637                           ;	MCLR Enable bit
   638                           ;	MCLRE = EXTMCLR, If LVP = 0, MCLR pin is MCLR; If LVP = 1, RE3 pin function is MCLR
   639                           ;	Power-up timer selection bits
   640                           ;	PWRTS = PWRT_OFF, PWRT is disabled
   641                           ;	Multi-vector enable bit
   642                           ;	MVECEN = ON, Multi-vector enabled, Vector table used for interrupts
   643                           ;	IVTLOCK bit One-way set enable bit
   644                           ;	IVT1WAY = ON, IVTLOCKED bit can be cleared and set only once
   645                           ;	Low Power BOR Enable bit
   646                           ;	LPBOREN = OFF, Low-Power BOR disabled
   647                           ;	Brown-out Reset Enable bits
   648                           ;	BOREN = SBORDIS, Brown-out Reset enabled , SBOREN bit is ignored
   649  300002                     	org	3145730
   650  300002  FF                 	db	255
   651                           
   652                           ;Config register CONFIG4 @ 0x300003
   653                           ;	Brown-out Reset Voltage Selection bits
   654                           ;	BORV = VBOR_2P85, Brown-out Reset Voltage (VBOR) set to 2.8V
   655                           ;	ZCD Disable bit
   656                           ;	ZCD = OFF, ZCD module is disabled. ZCD can be enabled by setting the ZCDSEN bit of ZCD
      +                          CON
   657                           ;	PPSLOCK bit One-Way Set Enable bit
   658                           ;	PPS1WAY = ON, PPSLOCKED bit can be cleared and set only once; PPS registers remain loc
      +                          ked after one clear/set cycle
   659                           ;	Stack Full/Underflow Reset Enable bit
   660                           ;	STVREN = ON, Stack full/underflow will cause Reset
   661                           ;	Low Voltage Programming Enable bit
   662                           ;	LVP = ON, Low voltage programming enabled. MCLR/VPP pin function is MCLR. MCLRE config
      +                          uration bit is ignored
   663                           ;	Extended Instruction Set Enable bit
   664                           ;	XINST = OFF, Extended Instruction Set and Indexed Addressing Mode disabled
   665  300003                     	org	3145731
   666  300003  FC                 	db	252
   667                           
   668                           ;Config register CONFIG5 @ 0x300004
   669                           ;	WDT Period selection bits
   670                           ;	WDTCPS = WDTCPS_31, Divider ratio 1:65536; software control of WDTPS
   671                           ;	WDT operating mode
   672                           ;	WDTE = OFF, WDT Disabled; SWDTEN is ignored
   673  300004                     	org	3145732
   674  300004  9F                 	db	159
   675                           
   676                           ;Config register CONFIG6 @ 0x300005
   677                           ;	WDT Window Select bits
   678                           ;	WDTCWS = WDTCWS_7, window always open (100%); software control; keyed access not requi
      +                          red
   679                           ;	WDT input clock selector
   680                           ;	WDTCCS = SC, Software Control
   681  300005                     	org	3145733
   682  300005  FF                 	db	255
   683                           
   684                           ;Config register CONFIG7 @ 0x300006
   685                           ;	Boot Block Size selection bits
   686                           ;	BBSIZE = BBSIZE_512, Boot Block size is 512 words
   687                           ;	Boot Block enable bit
   688                           ;	BBEN = OFF, Boot block disabled
   689                           ;	Storage Area Flash enable bit
   690                           ;	SAFEN = OFF, SAF disabled
   691                           ;	Background Debugger
   692                           ;	DEBUG = OFF, Background Debugger disabled
   693  300006                     	org	3145734
   694  300006  FF                 	db	255
   695                           
   696                           ;Config register CONFIG8 @ 0x300007
   697                           ;	Boot Block Write Protection bit
   698                           ;	WRTB = OFF, Boot Block not Write protected
   699                           ;	Configuration Register Write Protection bit
   700                           ;	WRTC = OFF, Configuration registers not Write protected
   701                           ;	Data EEPROM Write Protection bit
   702                           ;	WRTD = OFF, Data EEPROM not Write protected
   703                           ;	SAF Write protection bit
   704                           ;	WRTSAF = OFF, SAF not Write Protected
   705                           ;	Application Block write protection bit
   706                           ;	WRTAPP = OFF, Application Block not write protected
   707  300007                     	org	3145735
   708  300007  FF                 	db	255
   709                           
   710                           ; Padding undefined space
   711  300008                     	org	3145736
   712  300008  FF                 	db	255
   713                           
   714                           ;Config register CONFIG10 @ 0x300009
   715                           ;	PFM and Data EEPROM Code Protection bit
   716                           ;	CP = OFF, PFM and Data EEPROM code protection disabled
   717  300009                     	org	3145737
   718  300009  FF                 	db	255
   719                           tosu	equ	0x4FF
   720                           tosh	equ	0x4FE
   721                           tosl	equ	0x4FD
   722                           stkptr	equ	0x4FC
   723                           pclatu	equ	0x4FB
   724                           pclath	equ	0x4FA
   725                           pcl	equ	0x4F9
   726                           tblptru	equ	0x4F8
   727                           tblptrh	equ	0x4F7
   728                           tblptrl	equ	0x4F6
   729                           tablat	equ	0x4F5
   730                           prodh	equ	0x4F4
   731                           prodl	equ	0x4F3
   732                           indf0	equ	0x4EF
   733                           postinc0	equ	0x4EE
   734                           postdec0	equ	0x4ED
   735                           preinc0	equ	0x4EC
   736                           plusw0	equ	0x4EB
   737                           fsr0h	equ	0x4EA
   738                           fsr0l	equ	0x4E9
   739                           wreg	equ	0x4E8
   740                           indf1	equ	0x4E7
   741                           postinc1	equ	0x4E6
   742                           postdec1	equ	0x4E5
   743                           preinc1	equ	0x4E4
   744                           plusw1	equ	0x4E3
   745                           fsr1h	equ	0x4E2
   746                           fsr1l	equ	0x4E1
   747                           bsr	equ	0x4E0
   748                           indf2	equ	0x4DF
   749                           postinc2	equ	0x4DE
   750                           postdec2	equ	0x4DD
   751                           preinc2	equ	0x4DC
   752                           plusw2	equ	0x4DB
   753                           fsr2h	equ	0x4DA
   754                           fsr2l	equ	0x4D9
   755                           status	equ	0x4D8

Data Sizes:
    Strings     0
    Constant    0
    Data        0
    BSS         13
    Persistent  0
    Stack       0

Auto Spaces:
    Space          Size  Autos    Used
    COMRAM           95      6      19
    BANK5           160      0       0
    BANK6           256      0       0
    BANK7           256      0       0
    BANK8           256      0       0
    BANK9           256      0       0
    BANK10          256      0       0
    BANK11          256      0       0
    BANK12          256      0       0
    BANK13          256      0       0
    BANK14          256      0       0
    BANK15          256      0       0
    BANK16          256      0       0
    BANK17          256      0       0
    BANK18          256      0       0
    BANK19          256      0       0
    BANK20          256      0       0
    BANK21          256      0       0
    BANK22          256      0       0
    BANK23          256      0       0
    BANK24          256      0       0
    BANK25          256      0       0
    BANK26          256      0       0
    BANK27          256      0       0
    BANK28          256      0       0
    BANK29          256      0       0
    BANK30          256      0       0
    BANK31          256      0       0
    BANK32          256      0       0
    BANK33          256      0       0
    BANK34          256      0       0
    BANK35          256      0       0
    BANK36          256      0       0
    BANK37          256      0       0

Pointer List with Targets:

    None.

Critical Paths under _main in COMRAM

    _main->_UserAppRun

Critical Paths under _main in BANK5

    None.

Critical Paths under _main in BANK6

    None.

Critical Paths under _main in BANK7

    None.

Critical Paths under _main in BANK8

    None.

Critical Paths under _main in BANK9

    None.

Critical Paths under _main in BANK10

    None.

Critical Paths under _main in BANK11

    None.

Critical Paths under _main in BANK12

    None.

Critical Paths under _main in BANK13

    None.

Critical Paths under _main in BANK14

    None.

Critical Paths under _main in BANK15

    None.

Critical Paths under _main in BANK16

    None.

Critical Paths under _main in BANK17

    None.

Critical Paths under _main in BANK18

    None.

Critical Paths under _main in BANK19

    None.

Critical Paths under _main in BANK20

    None.

Critical Paths under _main in BANK21

    None.

Critical Paths under _main in BANK22

    None.

Critical Paths under _main in BANK23

    None.

Critical Paths under _main in BANK24

    None.

Critical Paths under _main in BANK25

    None.

Critical Paths under _main in BANK26

    None.

Critical Paths under _main in BANK27

    None.

Critical Paths under _main in BANK28

    None.

Critical Paths under _main in BANK29

    None.

Critical Paths under _main in BANK30

    None.

Critical Paths under _main in BANK31

    None.

Critical Paths under _main in BANK32

    None.

Critical Paths under _main in BANK33

    None.

Critical Paths under _main in BANK34

    None.

Critical Paths under _main in BANK35

    None.

Critical Paths under _main in BANK36

    None.

Critical Paths under _main in BANK37

    None.

Call Graph Tables:

 ---------------------------------------------------------------------------------
 (Depth) Function   	        Calls       Base Space   Used Autos Params    Refs
 ---------------------------------------------------------------------------------
 (0) _main                                                 0     0      0      15
                         _ClockSetup
                          _GpioSetup
                       _SysTickSetup
                        _SystemSleep
                  _UserAppInitialize
                         _UserAppRun
 ---------------------------------------------------------------------------------
 (1) _UserAppRun                                           6     6      0      15
                                              0 COMRAM     6     6      0
 ---------------------------------------------------------------------------------
 (1) _UserAppInitialize                                    0     0      0       0
 ---------------------------------------------------------------------------------
 (1) _SystemSleep                                          0     0      0       0
 ---------------------------------------------------------------------------------
 (1) _SysTickSetup                                         0     0      0       0
 ---------------------------------------------------------------------------------
 (1) _GpioSetup                                            0     0      0       0
 ---------------------------------------------------------------------------------
 (1) _ClockSetup                                           0     0      0       0
 ---------------------------------------------------------------------------------
 Estimated maximum stack depth 1
 ---------------------------------------------------------------------------------

 Call Graph Graphs:

 _main (ROOT)
   _ClockSetup
   _GpioSetup
   _SysTickSetup
   _SystemSleep
   _UserAppInitialize
   _UserAppRun

 Address spaces:
Name               Size   Autos  Total    Cost      Usage
BIGRAM            20FF      0       0      71        0.0%
EEDATA             400      0       0       0        0.0%
BITBANK37          100      0       0      70        0.0%
BANK37             100      0       0      68        0.0%
BITBANK36          100      0       0      66        0.0%
BANK36             100      0       0      67        0.0%
BITBANK35          100      0       0      64        0.0%
BANK35             100      0       0      65        0.0%
BITBANK34          100      0       0      62        0.0%
BANK34             100      0       0      63        0.0%
BITBANK33          100      0       0      60        0.0%
BANK33             100      0       0      61        0.0%
BITBANK32          100      0       0      58        0.0%
BANK32             100      0       0      59        0.0%
BITBANK31          100      0       0      56        0.0%
BANK31             100      0       0      57        0.0%
BITBANK30          100      0       0      54        0.0%
BANK30             100      0       0      55        0.0%
BITBANK29          100      0       0      52        0.0%
BANK29             100      0       0      53        0.0%
BITBANK28          100      0       0      50        0.0%
BANK28             100      0       0      51        0.0%
BITBANK27          100      0       0      48        0.0%
BANK27             100      0       0      49        0.0%
BITBANK26          100      0       0      46        0.0%
BANK26             100      0       0      47        0.0%
BITBANK25          100      0       0      44        0.0%
BANK25             100      0       0      45        0.0%
BITBANK24          100      0       0      42        0.0%
BANK24             100      0       0      43        0.0%
BITBANK23          100      0       0      40        0.0%
BANK23             100      0       0      41        0.0%
BITBANK22          100      0       0      38        0.0%
BANK22             100      0       0      39        0.0%
BITBANK21          100      0       0      36        0.0%
BANK21             100      0       0      37        0.0%
BITBANK20          100      0       0      34        0.0%
BANK20             100      0       0      35        0.0%
BITBANK19          100      0       0      32        0.0%
BANK19             100      0       0      33        0.0%
BITBANK18          100      0       0      30        0.0%
BANK18             100      0       0      31        0.0%
BITBANK17          100      0       0      28        0.0%
BANK17             100      0       0      29        0.0%
BITBANK16          100      0       0      26        0.0%
BANK16             100      0       0      27        0.0%
BITBANK15          100      0       0      24        0.0%
BANK15             100      0       0      25        0.0%
BITBANK14          100      0       0      22        0.0%
BANK14             100      0       0      23        0.0%
BITBANK13          100      0       0      20        0.0%
BANK13             100      0       0      21        0.0%
BITBANK12          100      0       0      18        0.0%
BANK12             100      0       0      19        0.0%
BITBANK11          100      0       0      16        0.0%
BANK11             100      0       0      17        0.0%
BITBANK10          100      0       0      14        0.0%
BANK10             100      0       0      15        0.0%
BITBANK9           100      0       0      12        0.0%
BANK9              100      0       0      13        0.0%
BITBANK8           100      0       0      10        0.0%
BANK8              100      0       0      11        0.0%
BITBANK7           100      0       0       8        0.0%
BANK7              100      0       0       9        0.0%
BITBANK6           100      0       0       6        0.0%
BANK6              100      0       0       7        0.0%
BITBANK5            A0      0       0       4        0.0%
BANK5               A0      0       0       5        0.0%
BITCOMRAM           5F      0       0       0        0.0%
COMRAM              5F      6      13       1       20.0%
BITSFR_5             0      0       0     200        0.0%
SFR_5                0      0       0     200        0.0%
BITSFR_4             0      0       0     200        0.0%
SFR_4                0      0       0     200        0.0%
BITSFR_3             0      0       0     200        0.0%
SFR_3                0      0       0     200        0.0%
BITSFR_2             0      0       0     200        0.0%
SFR_2                0      0       0     200        0.0%
BITSFR_1             0      0       0     200        0.0%
SFR_1                0      0       0     200        0.0%
BITSFR               0      0       0     200        0.0%
SFR                  0      0       0     200        0.0%
STACK                0      0       0       2        0.0%
NULL                 0      0       0       0        0.0%
ABS                  0      0      13      69        0.0%
DATA                 0      0      13       3        0.0%
CODE                 0      0       0       0        0.0%


Microchip Technology PIC18 Macro Assembler V2.31 build 20201012212115 
Symbol Table                                                                                   Thu Feb 25 20:02:18 2021

     __size_of_SysTickSetup 0022                          l23 FF1A                          l32 FF1C  
                        l26 FF98                          l29 FF52                          l70 FF9A  
                        l67 FF1E                          l76 FFFA                          u10 FFAC  
                        u11 FFA8                          u20 FFC6                          u21 FFC2  
                        u30 FFD8                          u31 FFD4                          u40 FFF6  
                        u41 FFF2                         l800 FF66                         l802 FF6A  
                       l752 FF76                         l760 FFAC                         l770 FFE4  
                       l762 FFB4                         l772 FFF6                         l764 FFC6  
                       l756 FF9A                         l766 FFD8                         l758 FF9A  
                       l790 FF54                         l768 FFE0                         l792 FF56  
                       l794 FF5A                         l788 FF32                         l796 FF5E  
                       l798 FF62                         wreg 0004E8                        _LATA 0004BE  
                      _LATB 0004BF                        _main FF54                _SysTickSetup FF32  
                      start FFFC        __size_of_SystemSleep 0002                ___param_bank 000000  
                _ClockSetup FF1A                       ?_main 050E                       _PORTA 0004CE  
                     _PORTB 0004CF                       _TRISA 0004C6                       _TRISB 0004C7  
                     status 0004D8             __initialization FF20                __end_of_main FF76  
                    ??_main 0514               __activetblptr 000000                      _ANSELA 000400  
                    _ANSELB 000408          __size_of_GpioSetup 0024                 ?_ClockSetup 050E  
                    clear_0 FF26                  _UserAppRun FF9A                  __accesstop 0560  
   __end_of__initialization FF2C               ___rparam_used 000001            _G_u8UserAppFlags 050D  
            __pcstackCOMRAM 050E           __end_of_GpioSetup FF9A         __size_of_ClockSetup 0002  
               ?_UserAppRun 050E               ??_SystemSleep 050E                     __Hparam 0000  
                   __Lparam 0000                     __pcinit FF20                     __ramtop 2600  
                   __ptext0 FF54                     __ptext1 FF9A                     __ptext2 FF1E  
                   __ptext3 FF1C                     __ptext4 FF32                     __ptext5 FF76  
                   __ptext6 FF1A        end_of_initialization FF2C            _G_u32SystemFlags 0501  
                   postinc0 0004EE         __end_of_SystemSleep FF1E                ??_ClockSetup 050E  
       __size_of_UserAppRun 0062          __end_of_ClockSetup FF1C                   _GpioSetup FF76  
       start_initialization FF20               ?_SysTickSetup 050E                 _SystemSleep FF1C  
                ?_GpioSetup 050E                 __pbssCOMRAM 0501           _UserAppInitialize FF1E  
              ??_UserAppRun 050E          ?_UserAppInitialize 050E              ??_SysTickSetup 050E  
       ??_UserAppInitialize 050E          __end_of_UserAppRun FFFC   __end_of_UserAppInitialize FF20  
               ??_GpioSetup 050E                    __Hrparam 0000                    __Lrparam 0000  
      __end_of_SysTickSetup FF54  __size_of_UserAppInitialize 0002               __size_of_main 0022  
              ?_SystemSleep 050E            UserAppRun@button 0512          _G_u32SystemTime1ms 0509  
         _G_u32SystemTime1s 0505  
