

Microchip MPLAB XC8 Assembler V2.31 build 20201012212115 
                                                                                               Thu Mar 04 23:33:49 2021

Microchip MPLAB XC8 C Compiler v2.31 (Free license) build 20201012212115 Og1 
     1                           	processor	18F27Q43
     2                           	fnconf	rparam,??,?,0
     3                           	pagewidth 120
     4                           	opt	flic
     5                           	psect	idataCOMRAM,global,class=CODE,delta=1,noexec
     6                           	psect	cinit,global,reloc=2,class=CODE,delta=1
     7                           	psect	bssCOMRAM,global,class=COMRAM,space=1,delta=1,lowdata,noexec
     8                           	psect	dataCOMRAM,global,class=COMRAM,space=1,delta=1,lowdata,noexec
     9                           	psect	cstackCOMRAM,global,class=COMRAM,space=1,delta=1,lowdata,noexec
    10                           	psect	text0,global,reloc=2,class=CODE,delta=1
    11                           	psect	text1,global,reloc=2,class=CODE,delta=1
    12                           	psect	text2,global,reloc=2,class=CODE,delta=1
    13                           	psect	text3,global,reloc=2,class=CODE,delta=1
    14                           	psect	text4,global,reloc=2,class=CODE,delta=1
    15                           	psect	text5,global,reloc=2,class=CODE,delta=1
    16                           	psect	text6,global,reloc=2,class=CODE,delta=1
    17                           	psect	text7,global,reloc=2,class=CODE,delta=1
    18                           	psect	intsave_regs,global,class=BIGRAM,space=1,delta=1,noexec
    19                           	psect	rparam,global,class=COMRAM,space=1,delta=1,noexec
    20                           	psect	idloc,global,abs,ovrld,class=IDLOC,space=5,delta=1,noexec
    21                           	psect	config,global,abs,ovrld,class=CONFIG,space=4,delta=1,noexec
    22  0000                     
    23                           ; Version 2.30
    24                           ; Generated 20/08/2020 GMT
    25                           ; 
    26                           ; Copyright © 2020, Microchip Technology Inc. and its subsidiaries ("Microchip")
    27                           ; All rights reserved.
    28                           ; 
    29                           ; This software is developed by Microchip Technology Inc. and its subsidiaries ("Microch
      +                          ip").
    30                           ; 
    31                           ; Redistribution and use in source and binary forms, with or without modification, are
    32                           ; permitted provided that the following conditions are met:
    33                           ; 
    34                           ;     1. Redistributions of source code must retain the above copyright notice, this lis
      +                          t of
    35                           ;        conditions and the following disclaimer.
    36                           ; 
    37                           ;     2. Redistributions in binary form must reproduce the above copyright notice, this 
      +                          list
    38                           ;        of conditions and the following disclaimer in the documentation and/or other
    39                           ;        materials provided with the distribution. Publication is not required when
    40                           ;        this file is used in an embedded application.
    41                           ; 
    42                           ;     3. Microchip's name may not be used to endorse or promote products derived from th
      +                          is
    43                           ;        software without specific prior written permission.
    44                           ; 
    45                           ; THIS SOFTWARE IS PROVIDED BY MICROCHIP "AS IS" AND ANY EXPRESS OR IMPLIED WARRANTIES,
    46                           ; INCLUDING, BUT NOT LIMITED TO, THE IMPLIED WARRANTIES OF MERCHANTABILITY AND FITNESS F
      +                          OR
    47                           ; PURPOSE ARE DISCLAIMED.  IN NO EVENT SHALL MICROCHIP BE LIABLE FOR ANY DIRECT, INDIREC
      +                          T,
    48                           ; INCIDENTAL, SPECIAL, EXEMPLARY, OR CONSEQUENTIAL DAMAGES (INCLUDING BUT NOT LIMITED TO
    49                           ; PROCUREMENT OF SUBSTITUTE GOODS OR SERVICES; LOSS OF USE, DATA OR PROFITS; OR BUSINESS
    50                           ; INTERRUPTION) HOWSOEVER CAUSED AND ON ANY THEORY OF LIABILITY, WHETHER IN CONTRACT, ST
      +                          RICT
    51                           ; LIABILITY, OR TORT (INCLUDING NEGLIGENCE OR OTHERWISE) ARISING IN ANY WAY OUT OF THE U
      +                          SE OF
    52                           ; THIS SOFTWARE, EVEN IF ADVISED OF THE POSSIBILITY OF SUCH DAMAGE.
    53                           ; 
    54                           ; 
    55                           ; Code-generator required, PIC18F27Q43 Definitions
    56                           ; 
    57                           ; SFR Addresses
    58  0000                     
    59                           	psect	idataCOMRAM
    60  01FEA2                     __pidataCOMRAM:
    61                           	callstack 0
    62                           
    63                           ;initializer for UserAppRun@F15924
    64  01FEA2  01                 	db	1
    65  01FEA3  02                 	db	2
    66  01FEA4  04                 	db	4
    67  01FEA5  08                 	db	8
    68  01FEA6  10                 	db	16
    69  01FEA7  20                 	db	32
    70  0000                     _TMR0L	set	792
    71  0000                     _TMR0H	set	793
    72  0000                     _T0CON1	set	795
    73  0000                     _T0CON0	set	794
    74  0000                     _ANSELA	set	1024
    75  0000                     _PIR3	set	1201
    76  0000                     _PORTA	set	1230
    77  0000                     _TRISA	set	1222
    78  0000                     _LATA	set	1214
    79                           
    80                           ; #config settings
    81                           
    82                           	psect	cinit
    83  01FF10                     __pcinit:
    84                           	callstack 0
    85  01FF10                     start_initialization:
    86                           	callstack 0
    87  01FF10                     __initialization:
    88                           	callstack 0
    89                           
    90                           ; Initialize objects allocated to COMRAM (6 bytes)
    91                           ; load TBLPTR registers with __pidataCOMRAM
    92  01FF10  0EA2               	movlw	low __pidataCOMRAM
    93  01FF12  6EF6               	movwf	tblptrl,c
    94  01FF14  0EFE               	movlw	high __pidataCOMRAM
    95  01FF16  6EF7               	movwf	tblptrh,c
    96  01FF18  0E01               	movlw	low (__pidataCOMRAM shr (0+16))
    97  01FF1A  6EF8               	movwf	tblptru,c
    98  01FF1C  EE01  F119         	lfsr	0,__pdataCOMRAM
    99  01FF20  EE10 F006          	lfsr	1,6
   100  01FF24                     copy_data0:
   101  01FF24  0009               	tblrd		*+
   102  01FF26  C4F5 F4EE          	movff	tablat,postinc0
   103  01FF2A  50E5               	movf	postdec1,w,c
   104  01FF2C  50E1               	movf	fsr1l,w,c
   105  01FF2E  E1FA               	bnz	copy_data0
   106                           
   107                           ; Clear objects allocated to COMRAM (17 bytes)
   108  01FF30  EE01  F101         	lfsr	0,__pbssCOMRAM
   109  01FF34  0E11               	movlw	17
   110  01FF36                     clear_0:
   111  01FF36  6AEE               	clrf	postinc0,c
   112  01FF38  06E8               	decf	wreg,f,c
   113  01FF3A  E1FD               	bnz	clear_0
   114  01FF3C                     end_of_initialization:
   115                           	callstack 0
   116  01FF3C                     __end_of__initialization:
   117                           	callstack 0
   118  01FF3C  0100               	movlb	0
   119  01FF3E  EFA1  F0FF         	goto	_main	;jump to C main() function
   120                           
   121                           	psect	bssCOMRAM
   122  000501                     __pbssCOMRAM:
   123                           	callstack 0
   124  000501                     _G_u32SystemFlags:
   125                           	callstack 0
   126  000501                     	ds	4
   127  000505                     _G_u32SystemTime1s:
   128                           	callstack 0
   129  000505                     	ds	4
   130  000509                     _G_u32SystemTime1ms:
   131                           	callstack 0
   132  000509                     	ds	4
   133  00050D                     UserAppRun@u16Static:
   134                           	callstack 0
   135  00050D                     	ds	2
   136  00050F                     UserAppRun@intIndex:
   137                           	callstack 0
   138  00050F                     	ds	2
   139  000511                     _G_u8UserAppFlags:
   140                           	callstack 0
   141  000511                     	ds	1
   142                           
   143                           	psect	dataCOMRAM
   144  000519                     __pdataCOMRAM:
   145                           	callstack 0
   146  000519                     UserAppRun@F15924:
   147                           	callstack 0
   148  000519                     	ds	6
   149                           
   150                           	psect	cstackCOMRAM
   151  000512                     __pcstackCOMRAM:
   152                           	callstack 0
   153  000512                     TimeXus@u16Input:
   154                           	callstack 0
   155  000512                     UserAppRun@au8Pattern:
   156                           	callstack 0
   157                           
   158                           ; 6 bytes @ 0x0
   159  000512                     	ds	2
   160  000514                     ??_TimeXus:
   161                           
   162                           ; 1 bytes @ 0x2
   163  000514                     	ds	4
   164  000518                     UserAppRun@u8Temporary:
   165                           	callstack 0
   166                           
   167                           ; 1 bytes @ 0x6
   168  000518                     	ds	1
   169  000519                     
   170                           ; 1 bytes @ 0x7
   171 ;;
   172 ;;Main: autosize = 0, tempsize = 0, incstack = 0, save=0
   173 ;;
   174 ;; *************** function _main *****************
   175 ;; Defined at:
   176 ;;		line 35 in file "main.c"
   177 ;; Parameters:    Size  Location     Type
   178 ;;		None
   179 ;; Auto vars:     Size  Location     Type
   180 ;;		None
   181 ;; Return value:  Size  Location     Type
   182 ;;                  1    wreg      void 
   183 ;; Registers used:
   184 ;;		wreg, fsr1l, fsr1h, fsr2l, fsr2h, status,2, status,0, cstack
   185 ;; Tracked objects:
   186 ;;		On entry : 0/0
   187 ;;		On exit  : 0/0
   188 ;;		Unchanged: 0/0
   189 ;; Data sizes:     COMRAM   BANK5   BANK6   BANK7   BANK8   BANK9  BANK10  BANK11  BANK12  BANK13  BANK14  BANK15  BANK1
      +6  BANK17  BANK18  BANK19  BANK20  BANK21  BANK22  BANK23  BANK24  BANK25  BANK26  BANK27  BANK28  BANK29  BANK30  BANK3
      +1  BANK32  BANK33  BANK34  BANK35  BANK36  BANK37
   190 ;;      Params:         0       0       0       0       0       0       0       0       0       0       0       0       
      +0       0       0       0       0       0       0       0       0       0       0       0       0       0       0       
      +0       0       0       0       0       0       0
   191 ;;      Locals:         0       0       0       0       0       0       0       0       0       0       0       0       
      +0       0       0       0       0       0       0       0       0       0       0       0       0       0       0       
      +0       0       0       0       0       0       0
   192 ;;      Temps:          0       0       0       0       0       0       0       0       0       0       0       0       
      +0       0       0       0       0       0       0       0       0       0       0       0       0       0       0       
      +0       0       0       0       0       0       0
   193 ;;      Totals:         0       0       0       0       0       0       0       0       0       0       0       0       
      +0       0       0       0       0       0       0       0       0       0       0       0       0       0       0       
      +0       0       0       0       0       0       0
   194 ;;Total ram usage:        0 bytes
   195 ;; Hardware stack levels required when called:    1
   196 ;; This function calls:
   197 ;;		_ClockSetup
   198 ;;		_GpioSetup
   199 ;;		_SysTickSetup
   200 ;;		_SystemSleep
   201 ;;		_TimeXus
   202 ;;		_UserAppInitialize
   203 ;;		_UserAppRun
   204 ;; This function is called by:
   205 ;;		Startup code after reset
   206 ;; This function uses a non-reentrant model
   207 ;;
   208                           
   209                           	psect	text0
   210  01FF42                     __ptext0:
   211                           	callstack 0
   212  01FF42                     _main:
   213                           	callstack 127
   214  01FF42                     
   215                           ;main.c: 37:   G_u32SystemFlags |= (u32)0x80000000;
   216  01FF42  8E04               	bsf	(_G_u32SystemFlags+3)^(0+1280),7,c	;volatile
   217  01FF44                     
   218                           ;main.c: 40:   ClockSetup();
   219  01FF44  EC4F  F0FF         	call	_ClockSetup	;wreg free
   220  01FF48                     
   221                           ;main.c: 41:   SysTickSetup();
   222  01FF48  EC66  F0FF         	call	_SysTickSetup	;wreg free
   223  01FF4C                     
   224                           ;main.c: 42:   GpioSetup();
   225  01FF4C  EC5C  F0FF         	call	_GpioSetup	;wreg free
   226  01FF50                     
   227                           ;main.c: 47:   UserAppInitialize();
   228  01FF50  EC54  F0FF         	call	_UserAppInitialize	;wreg free
   229  01FF54                     l840:
   230                           
   231                           ;main.c: 53:   {;main.c: 57:     UserAppRun();
   232  01FF54  ECC3  F0FF         	call	_UserAppRun	;wreg free
   233  01FF58                     
   234                           ;main.c: 61:     (LATA &= 0x7F);
   235  01FF58  9EBE               	bcf	190,7,c	;volatile
   236  01FF5A                     
   237                           ;main.c: 62:     SystemSleep();
   238  01FF5A  EC50  F0FF         	call	_SystemSleep	;wreg free
   239  01FF5E                     
   240                           ;main.c: 63:     TimeXus(1000);
   241  01FF5E  0E03               	movlw	3
   242  01FF60  6E13               	movwf	(TimeXus@u16Input+1)^(0+1280),c
   243  01FF62  0EE8               	movlw	232
   244  01FF64  6E12               	movwf	TimeXus@u16Input^(0+1280),c
   245  01FF66  EC77  F0FF         	call	_TimeXus	;wreg free
   246  01FF6A                     l848:
   247  01FF6A  0E80               	movlw	128
   248  01FF6C  18B1               	xorwf	177,w,c	;volatile
   249  01FF6E  A4D8               	btfss	status,2,c
   250  01FF70  EFBC  F0FF         	goto	u51
   251  01FF74  EFBE  F0FF         	goto	u50
   252  01FF78                     u51:
   253  01FF78  EFB5  F0FF         	goto	l848
   254  01FF7C                     u50:
   255  01FF7C                     
   256                           ;main.c: 65:     (LATA |= 0x80);
   257  01FF7C  8EBE               	bsf	190,7,c	;volatile
   258  01FF7E  EFAA  F0FF         	goto	l840
   259  01FF82  EFFE  F0FF         	goto	start
   260  01FF86                     __end_of_main:
   261                           	callstack 0
   262                           
   263 ;; *************** function _UserAppRun *****************
   264 ;; Defined at:
   265 ;;		line 127 in file "user_app.c"
   266 ;; Parameters:    Size  Location     Type
   267 ;;		None
   268 ;; Auto vars:     Size  Location     Type
   269 ;;  u8Temporary     1    6[COMRAM] unsigned char 
   270 ;;  au8Pattern      6    0[COMRAM] unsigned char [6]
   271 ;; Return value:  Size  Location     Type
   272 ;;                  1    wreg      void 
   273 ;; Registers used:
   274 ;;		wreg, fsr1l, fsr1h, fsr2l, fsr2h, status,2, status,0
   275 ;; Tracked objects:
   276 ;;		On entry : 0/0
   277 ;;		On exit  : 0/0
   278 ;;		Unchanged: 0/0
   279 ;; Data sizes:     COMRAM   BANK5   BANK6   BANK7   BANK8   BANK9  BANK10  BANK11  BANK12  BANK13  BANK14  BANK15  BANK1
      +6  BANK17  BANK18  BANK19  BANK20  BANK21  BANK22  BANK23  BANK24  BANK25  BANK26  BANK27  BANK28  BANK29  BANK30  BANK3
      +1  BANK32  BANK33  BANK34  BANK35  BANK36  BANK37
   280 ;;      Params:         0       0       0       0       0       0       0       0       0       0       0       0       
      +0       0       0       0       0       0       0       0       0       0       0       0       0       0       0       
      +0       0       0       0       0       0       0
   281 ;;      Locals:         7       0       0       0       0       0       0       0       0       0       0       0       
      +0       0       0       0       0       0       0       0       0       0       0       0       0       0       0       
      +0       0       0       0       0       0       0
   282 ;;      Temps:          0       0       0       0       0       0       0       0       0       0       0       0       
      +0       0       0       0       0       0       0       0       0       0       0       0       0       0       0       
      +0       0       0       0       0       0       0
   283 ;;      Totals:         7       0       0       0       0       0       0       0       0       0       0       0       
      +0       0       0       0       0       0       0       0       0       0       0       0       0       0       0       
      +0       0       0       0       0       0       0
   284 ;;Total ram usage:        7 bytes
   285 ;; Hardware stack levels used:    1
   286 ;; This function calls:
   287 ;;		Nothing
   288 ;; This function is called by:
   289 ;;		_main
   290 ;; This function uses a non-reentrant model
   291 ;;
   292                           
   293                           	psect	text1
   294  01FF86                     __ptext1:
   295                           	callstack 0
   296  01FF86                     _UserAppRun:
   297                           	callstack 127
   298  01FF86                     
   299                           ;user_app.c: 131:     u8 au8Pattern[6] = {0x01, 0x02, 0x04, 0x08, 0x10, 0x20};
   300  01FF86  EE21  F119         	lfsr	2,UserAppRun@F15924
   301  01FF8A  EE11  F112         	lfsr	1,UserAppRun@au8Pattern
   302  01FF8E  0E05               	movlw	5
   303  01FF90                     u11:
   304  01FF90  C4DB F4E3          	movff	plusw2,plusw1
   305  01FF94  06E8               	decf	wreg,f,c
   306  01FF96  E2FC               	bc	u11
   307  01FF98                     
   308                           ;user_app.c: 132:     static int intIndex;;user_app.c: 135:     static u16 u16Static;;us
      +                          er_app.c: 136:     u16Static++;
   309  01FF98  4A0D               	infsnz	UserAppRun@u16Static^(0+1280),f,c
   310  01FF9A  2A0E               	incf	(UserAppRun@u16Static+1)^(0+1280),f,c
   311  01FF9C                     
   312                           ;user_app.c: 139:     if(u16Static==500){
   313  01FF9C  0EF4               	movlw	244
   314  01FF9E  180D               	xorwf	UserAppRun@u16Static^(0+1280),w,c
   315  01FFA0  E106               	bnz	u21
   316  01FFA2  040E               	decf	(UserAppRun@u16Static+1)^(0+1280),w,c
   317  01FFA4  A4D8               	btfss	status,2,c
   318  01FFA6  EFD7  F0FF         	goto	u21
   319  01FFAA  EFD9  F0FF         	goto	u20
   320  01FFAE                     u21:
   321  01FFAE  EFFD  F0FF         	goto	l90
   322  01FFB2                     u20:
   323  01FFB2                     
   324                           ;user_app.c: 141:         u16Static = 0x0000;
   325  01FFB2  0E00               	movlw	0
   326  01FFB4  6E0E               	movwf	(UserAppRun@u16Static+1)^(0+1280),c
   327  01FFB6  0E00               	movlw	0
   328  01FFB8  6E0D               	movwf	UserAppRun@u16Static^(0+1280),c
   329  01FFBA                     
   330                           ;user_app.c: 144:         u8 u8Temporary = LATA;
   331  01FFBA  0061 F2F8  F518    	movff	1214,UserAppRun@u8Temporary	;volatile
   332  01FFC0                     
   333                           ;user_app.c: 147:         u8Temporary &= 0x80;
   334  01FFC0  0E80               	movlw	128
   335  01FFC2  1618               	andwf	UserAppRun@u8Temporary^(0+1280),f,c
   336  01FFC4                     
   337                           ;user_app.c: 150:         u8Temporary = 0x00 | au8Pattern[intIndex];
   338  01FFC4  0E12               	movlw	low UserAppRun@au8Pattern
   339  01FFC6  240F               	addwf	UserAppRun@intIndex^(0+1280),w,c
   340  01FFC8  6ED9               	movwf	fsr2l,c
   341  01FFCA  0E05               	movlw	high UserAppRun@au8Pattern
   342  01FFCC  2010               	addwfc	(UserAppRun@intIndex+1)^(0+1280),w,c
   343  01FFCE  6EDA               	movwf	fsr2h,c
   344  01FFD0  50DF               	movf	indf2,w,c
   345  01FFD2  6E18               	movwf	UserAppRun@u8Temporary^(0+1280),c
   346  01FFD4                     
   347                           ;user_app.c: 153:         LATA = u8Temporary;
   348  01FFD4  0061  F460  F4BE   	movff	UserAppRun@u8Temporary,1214	;volatile
   349  01FFDA                     
   350                           ;user_app.c: 155:         intIndex++;
   351  01FFDA  4A0F               	infsnz	UserAppRun@intIndex^(0+1280),f,c
   352  01FFDC  2A10               	incf	(UserAppRun@intIndex+1)^(0+1280),f,c
   353  01FFDE                     
   354                           ;user_app.c: 156:         if(intIndex==6){
   355  01FFDE  0E06               	movlw	6
   356  01FFE0  180F               	xorwf	UserAppRun@intIndex^(0+1280),w,c
   357  01FFE2  1010               	iorwf	(UserAppRun@intIndex+1)^(0+1280),w,c
   358  01FFE4  A4D8               	btfss	status,2,c
   359  01FFE6  EFF7  F0FF         	goto	u31
   360  01FFEA  EFF9  F0FF         	goto	u30
   361  01FFEE                     u31:
   362  01FFEE  EFFD  F0FF         	goto	l90
   363  01FFF2                     u30:
   364  01FFF2                     
   365                           ;user_app.c: 157:             intIndex=0;
   366  01FFF2  0E00               	movlw	0
   367  01FFF4  6E10               	movwf	(UserAppRun@intIndex+1)^(0+1280),c
   368  01FFF6  0E00               	movlw	0
   369  01FFF8  6E0F               	movwf	UserAppRun@intIndex^(0+1280),c
   370  01FFFA                     l90:
   371  01FFFA  0012               	return		;funcret
   372  01FFFC                     __end_of_UserAppRun:
   373                           	callstack 0
   374                           
   375 ;; *************** function _UserAppInitialize *****************
   376 ;; Defined at:
   377 ;;		line 76 in file "user_app.c"
   378 ;; Parameters:    Size  Location     Type
   379 ;;		None
   380 ;; Auto vars:     Size  Location     Type
   381 ;;		None
   382 ;; Return value:  Size  Location     Type
   383 ;;                  1    wreg      void 
   384 ;; Registers used:
   385 ;;		wreg, status,2
   386 ;; Tracked objects:
   387 ;;		On entry : 0/0
   388 ;;		On exit  : 0/0
   389 ;;		Unchanged: 0/0
   390 ;; Data sizes:     COMRAM   BANK5   BANK6   BANK7   BANK8   BANK9  BANK10  BANK11  BANK12  BANK13  BANK14  BANK15  BANK1
      +6  BANK17  BANK18  BANK19  BANK20  BANK21  BANK22  BANK23  BANK24  BANK25  BANK26  BANK27  BANK28  BANK29  BANK30  BANK3
      +1  BANK32  BANK33  BANK34  BANK35  BANK36  BANK37
   391 ;;      Params:         0       0       0       0       0       0       0       0       0       0       0       0       
      +0       0       0       0       0       0       0       0       0       0       0       0       0       0       0       
      +0       0       0       0       0       0       0
   392 ;;      Locals:         0       0       0       0       0       0       0       0       0       0       0       0       
      +0       0       0       0       0       0       0       0       0       0       0       0       0       0       0       
      +0       0       0       0       0       0       0
   393 ;;      Temps:          0       0       0       0       0       0       0       0       0       0       0       0       
      +0       0       0       0       0       0       0       0       0       0       0       0       0       0       0       
      +0       0       0       0       0       0       0
   394 ;;      Totals:         0       0       0       0       0       0       0       0       0       0       0       0       
      +0       0       0       0       0       0       0       0       0       0       0       0       0       0       0       
      +0       0       0       0       0       0       0
   395 ;;Total ram usage:        0 bytes
   396 ;; Hardware stack levels used:    1
   397 ;; This function calls:
   398 ;;		Nothing
   399 ;; This function is called by:
   400 ;;		_main
   401 ;; This function uses a non-reentrant model
   402 ;;
   403                           
   404                           	psect	text2
   405  01FEA8                     __ptext2:
   406                           	callstack 0
   407  01FEA8                     _UserAppInitialize:
   408                           	callstack 127
   409  01FEA8                     
   410                           ;user_app.c: 79:     LATA = 0x80;
   411  01FEA8  0E80               	movlw	128
   412  01FEAA  6EBE               	movwf	190,c	;volatile
   413                           
   414                           ;user_app.c: 83:     T0CON0 = 0x90;
   415  01FEAC  0E90               	movlw	144
   416  01FEAE  0103               	movlb	3	; () banked
   417  01FEB0  6F1A               	movwf	26,b	;volatile
   418                           
   419                           ;user_app.c: 84:     T0CON1 = 0x54;
   420  01FEB2  0E54               	movlw	84
   421  01FEB4  6F1B               	movwf	27,b	;volatile
   422  01FEB6                     
   423                           ; BSR set to: 3
   424  01FEB6  0012               	return		;funcret
   425  01FEB8                     __end_of_UserAppInitialize:
   426                           	callstack 0
   427                           
   428 ;; *************** function _TimeXus *****************
   429 ;; Defined at:
   430 ;;		line 99 in file "user_app.c"
   431 ;; Parameters:    Size  Location     Type
   432 ;;  u16Input        2    0[COMRAM] unsigned short 
   433 ;; Auto vars:     Size  Location     Type
   434 ;;		None
   435 ;; Return value:  Size  Location     Type
   436 ;;                  1    wreg      void 
   437 ;; Registers used:
   438 ;;		wreg, status,2, status,0
   439 ;; Tracked objects:
   440 ;;		On entry : 0/0
   441 ;;		On exit  : 0/0
   442 ;;		Unchanged: 0/0
   443 ;; Data sizes:     COMRAM   BANK5   BANK6   BANK7   BANK8   BANK9  BANK10  BANK11  BANK12  BANK13  BANK14  BANK15  BANK1
      +6  BANK17  BANK18  BANK19  BANK20  BANK21  BANK22  BANK23  BANK24  BANK25  BANK26  BANK27  BANK28  BANK29  BANK30  BANK3
      +1  BANK32  BANK33  BANK34  BANK35  BANK36  BANK37
   444 ;;      Params:         2       0       0       0       0       0       0       0       0       0       0       0       
      +0       0       0       0       0       0       0       0       0       0       0       0       0       0       0       
      +0       0       0       0       0       0       0
   445 ;;      Locals:         0       0       0       0       0       0       0       0       0       0       0       0       
      +0       0       0       0       0       0       0       0       0       0       0       0       0       0       0       
      +0       0       0       0       0       0       0
   446 ;;      Temps:          2       0       0       0       0       0       0       0       0       0       0       0       
      +0       0       0       0       0       0       0       0       0       0       0       0       0       0       0       
      +0       0       0       0       0       0       0
   447 ;;      Totals:         4       0       0       0       0       0       0       0       0       0       0       0       
      +0       0       0       0       0       0       0       0       0       0       0       0       0       0       0       
      +0       0       0       0       0       0       0
   448 ;;Total ram usage:        4 bytes
   449 ;; Hardware stack levels used:    1
   450 ;; This function calls:
   451 ;;		Nothing
   452 ;; This function is called by:
   453 ;;		_main
   454 ;; This function uses a non-reentrant model
   455 ;;
   456                           
   457                           	psect	text3
   458  01FEEE                     __ptext3:
   459                           	callstack 0
   460  01FEEE                     _TimeXus:
   461                           	callstack 127
   462  01FEEE                     
   463                           ;user_app.c: 99: void TimeXus(u16 u16Input);user_app.c: 100: {;user_app.c: 102:     T0CO
      +                          N0 &= 0x7F;
   464  01FEEE  0103               	movlb	3	; () banked
   465  01FEF0  9F1A               	bcf	26,7,b	;volatile
   466  01FEF2                     
   467                           ; BSR set to: 3
   468                           ;user_app.c: 105:     TMR0H = (u8)(((0xffff - u16Input) & 0xff00)>>8);
   469  01FEF2  1C12               	comf	TimeXus@u16Input^(0+1280),w,c
   470  01FEF4  6E14               	movwf	??_TimeXus^(0+1280),c
   471  01FEF6  1C13               	comf	(TimeXus@u16Input+1)^(0+1280),w,c
   472  01FEF8  6E15               	movwf	(??_TimeXus+1)^(0+1280),c
   473  01FEFA  C515  F514         	movff	??_TimeXus+1,??_TimeXus
   474  01FEFE  6A15               	clrf	(??_TimeXus+1)^(0+1280),c
   475  01FF00  5014               	movf	??_TimeXus^(0+1280),w,c
   476  01FF02  6F19               	movwf	25,b	;volatile
   477  01FF04                     
   478                           ; BSR set to: 3
   479                           ;user_app.c: 106:     TMR0L = (u8)((0xffff - u16Input) & 0x00ff);
   480  01FF04  5012               	movf	TimeXus@u16Input^(0+1280),w,c
   481  01FF06  0AFF               	xorlw	255
   482  01FF08  6F18               	movwf	24,b	;volatile
   483                           
   484                           ;user_app.c: 109:     PIR3 &= 0x7F;
   485  01FF0A  9EB1               	bcf	177,7,c	;volatile
   486                           
   487                           ;user_app.c: 110:     T0CON0 |= 0x80;
   488  01FF0C  8F1A               	bsf	26,7,b	;volatile
   489  01FF0E                     
   490                           ; BSR set to: 3
   491  01FF0E  0012               	return		;funcret
   492  01FF10                     __end_of_TimeXus:
   493                           	callstack 0
   494                           
   495 ;; *************** function _SystemSleep *****************
   496 ;; Defined at:
   497 ;;		line 133 in file "encm369_pic18.c"
   498 ;; Parameters:    Size  Location     Type
   499 ;;		None
   500 ;; Auto vars:     Size  Location     Type
   501 ;;		None
   502 ;; Return value:  Size  Location     Type
   503 ;;                  1    wreg      void 
   504 ;; Registers used:
   505 ;;		None
   506 ;; Tracked objects:
   507 ;;		On entry : 0/0
   508 ;;		On exit  : 0/0
   509 ;;		Unchanged: 0/0
   510 ;; Data sizes:     COMRAM   BANK5   BANK6   BANK7   BANK8   BANK9  BANK10  BANK11  BANK12  BANK13  BANK14  BANK15  BANK1
      +6  BANK17  BANK18  BANK19  BANK20  BANK21  BANK22  BANK23  BANK24  BANK25  BANK26  BANK27  BANK28  BANK29  BANK30  BANK3
      +1  BANK32  BANK33  BANK34  BANK35  BANK36  BANK37
   511 ;;      Params:         0       0       0       0       0       0       0       0       0       0       0       0       
      +0       0       0       0       0       0       0       0       0       0       0       0       0       0       0       
      +0       0       0       0       0       0       0
   512 ;;      Locals:         0       0       0       0       0       0       0       0       0       0       0       0       
      +0       0       0       0       0       0       0       0       0       0       0       0       0       0       0       
      +0       0       0       0       0       0       0
   513 ;;      Temps:          0       0       0       0       0       0       0       0       0       0       0       0       
      +0       0       0       0       0       0       0       0       0       0       0       0       0       0       0       
      +0       0       0       0       0       0       0
   514 ;;      Totals:         0       0       0       0       0       0       0       0       0       0       0       0       
      +0       0       0       0       0       0       0       0       0       0       0       0       0       0       0       
      +0       0       0       0       0       0       0
   515 ;;Total ram usage:        0 bytes
   516 ;; Hardware stack levels used:    1
   517 ;; This function calls:
   518 ;;		Nothing
   519 ;; This function is called by:
   520 ;;		_main
   521 ;; This function uses a non-reentrant model
   522 ;;
   523                           
   524                           	psect	text4
   525  01FEA0                     __ptext4:
   526                           	callstack 0
   527  01FEA0                     _SystemSleep:
   528                           	callstack 127
   529  01FEA0  0012               	return		;funcret
   530  01FEA2                     __end_of_SystemSleep:
   531                           	callstack 0
   532                           
   533 ;; *************** function _SysTickSetup *****************
   534 ;; Defined at:
   535 ;;		line 111 in file "encm369_pic18.c"
   536 ;; Parameters:    Size  Location     Type
   537 ;;		None
   538 ;; Auto vars:     Size  Location     Type
   539 ;;		None
   540 ;; Return value:  Size  Location     Type
   541 ;;                  1    wreg      void 
   542 ;; Registers used:
   543 ;;		wreg, status,2
   544 ;; Tracked objects:
   545 ;;		On entry : 0/0
   546 ;;		On exit  : 0/0
   547 ;;		Unchanged: 0/0
   548 ;; Data sizes:     COMRAM   BANK5   BANK6   BANK7   BANK8   BANK9  BANK10  BANK11  BANK12  BANK13  BANK14  BANK15  BANK1
      +6  BANK17  BANK18  BANK19  BANK20  BANK21  BANK22  BANK23  BANK24  BANK25  BANK26  BANK27  BANK28  BANK29  BANK30  BANK3
      +1  BANK32  BANK33  BANK34  BANK35  BANK36  BANK37
   549 ;;      Params:         0       0       0       0       0       0       0       0       0       0       0       0       
      +0       0       0       0       0       0       0       0       0       0       0       0       0       0       0       
      +0       0       0       0       0       0       0
   550 ;;      Locals:         0       0       0       0       0       0       0       0       0       0       0       0       
      +0       0       0       0       0       0       0       0       0       0       0       0       0       0       0       
      +0       0       0       0       0       0       0
   551 ;;      Temps:          0       0       0       0       0       0       0       0       0       0       0       0       
      +0       0       0       0       0       0       0       0       0       0       0       0       0       0       0       
      +0       0       0       0       0       0       0
   552 ;;      Totals:         0       0       0       0       0       0       0       0       0       0       0       0       
      +0       0       0       0       0       0       0       0       0       0       0       0       0       0       0       
      +0       0       0       0       0       0       0
   553 ;;Total ram usage:        0 bytes
   554 ;; Hardware stack levels used:    1
   555 ;; This function calls:
   556 ;;		Nothing
   557 ;; This function is called by:
   558 ;;		_main
   559 ;; This function uses a non-reentrant model
   560 ;;
   561                           
   562                           	psect	text5
   563  01FECC                     __ptext5:
   564                           	callstack 0
   565  01FECC                     _SysTickSetup:
   566                           	callstack 127
   567  01FECC                     
   568                           ;encm369_pic18.c: 113:   G_u32SystemTime1ms = 0;
   569  01FECC  0E00               	movlw	0
   570  01FECE  6E09               	movwf	_G_u32SystemTime1ms^(0+1280),c	;volatile
   571  01FED0  0E00               	movlw	0
   572  01FED2  6E0A               	movwf	(_G_u32SystemTime1ms+1)^(0+1280),c	;volatile
   573  01FED4  0E00               	movlw	0
   574  01FED6  6E0B               	movwf	(_G_u32SystemTime1ms+2)^(0+1280),c	;volatile
   575  01FED8  0E00               	movlw	0
   576  01FEDA  6E0C               	movwf	(_G_u32SystemTime1ms+3)^(0+1280),c	;volatile
   577                           
   578                           ;encm369_pic18.c: 114:   G_u32SystemTime1s = 0;
   579  01FEDC  0E00               	movlw	0
   580  01FEDE  6E05               	movwf	_G_u32SystemTime1s^(0+1280),c	;volatile
   581  01FEE0  0E00               	movlw	0
   582  01FEE2  6E06               	movwf	(_G_u32SystemTime1s+1)^(0+1280),c	;volatile
   583  01FEE4  0E00               	movlw	0
   584  01FEE6  6E07               	movwf	(_G_u32SystemTime1s+2)^(0+1280),c	;volatile
   585  01FEE8  0E00               	movlw	0
   586  01FEEA  6E08               	movwf	(_G_u32SystemTime1s+3)^(0+1280),c	;volatile
   587  01FEEC  0012               	return		;funcret
   588  01FEEE                     __end_of_SysTickSetup:
   589                           	callstack 0
   590                           
   591 ;; *************** function _GpioSetup *****************
   592 ;; Defined at:
   593 ;;		line 89 in file "encm369_pic18.c"
   594 ;; Parameters:    Size  Location     Type
   595 ;;		None
   596 ;; Auto vars:     Size  Location     Type
   597 ;;		None
   598 ;; Return value:  Size  Location     Type
   599 ;;                  1    wreg      void 
   600 ;; Registers used:
   601 ;;		wreg, status,2
   602 ;; Tracked objects:
   603 ;;		On entry : 0/0
   604 ;;		On exit  : 0/0
   605 ;;		Unchanged: 0/0
   606 ;; Data sizes:     COMRAM   BANK5   BANK6   BANK7   BANK8   BANK9  BANK10  BANK11  BANK12  BANK13  BANK14  BANK15  BANK1
      +6  BANK17  BANK18  BANK19  BANK20  BANK21  BANK22  BANK23  BANK24  BANK25  BANK26  BANK27  BANK28  BANK29  BANK30  BANK3
      +1  BANK32  BANK33  BANK34  BANK35  BANK36  BANK37
   607 ;;      Params:         0       0       0       0       0       0       0       0       0       0       0       0       
      +0       0       0       0       0       0       0       0       0       0       0       0       0       0       0       
      +0       0       0       0       0       0       0
   608 ;;      Locals:         0       0       0       0       0       0       0       0       0       0       0       0       
      +0       0       0       0       0       0       0       0       0       0       0       0       0       0       0       
      +0       0       0       0       0       0       0
   609 ;;      Temps:          0       0       0       0       0       0       0       0       0       0       0       0       
      +0       0       0       0       0       0       0       0       0       0       0       0       0       0       0       
      +0       0       0       0       0       0       0
   610 ;;      Totals:         0       0       0       0       0       0       0       0       0       0       0       0       
      +0       0       0       0       0       0       0       0       0       0       0       0       0       0       0       
      +0       0       0       0       0       0       0
   611 ;;Total ram usage:        0 bytes
   612 ;; Hardware stack levels used:    1
   613 ;; This function calls:
   614 ;;		Nothing
   615 ;; This function is called by:
   616 ;;		_main
   617 ;; This function uses a non-reentrant model
   618 ;;
   619                           
   620                           	psect	text6
   621  01FEB8                     __ptext6:
   622                           	callstack 0
   623  01FEB8                     _GpioSetup:
   624                           	callstack 127
   625  01FEB8                     
   626                           ;encm369_pic18.c: 91:     LATA = 0x80;
   627  01FEB8  0E80               	movlw	128
   628  01FEBA  6EBE               	movwf	190,c	;volatile
   629                           
   630                           ;encm369_pic18.c: 92:     ANSELA = 0x00;
   631  01FEBC  0E00               	movlw	0
   632  01FEBE  0104               	movlb	4	; () banked
   633  01FEC0  6F00               	movwf	0,b	;volatile
   634                           
   635                           ;encm369_pic18.c: 93:     TRISA = 0x00;
   636  01FEC2  0E00               	movlw	0
   637  01FEC4  6EC6               	movwf	198,c	;volatile
   638                           
   639                           ;encm369_pic18.c: 94:     PORTA = 0x00;
   640  01FEC6  0E00               	movlw	0
   641  01FEC8  6ECE               	movwf	206,c	;volatile
   642  01FECA                     
   643                           ; BSR set to: 4
   644  01FECA  0012               	return		;funcret
   645  01FECC                     __end_of_GpioSetup:
   646                           	callstack 0
   647                           
   648 ;; *************** function _ClockSetup *****************
   649 ;; Defined at:
   650 ;;		line 70 in file "encm369_pic18.c"
   651 ;; Parameters:    Size  Location     Type
   652 ;;		None
   653 ;; Auto vars:     Size  Location     Type
   654 ;;		None
   655 ;; Return value:  Size  Location     Type
   656 ;;                  1    wreg      void 
   657 ;; Registers used:
   658 ;;		None
   659 ;; Tracked objects:
   660 ;;		On entry : 0/0
   661 ;;		On exit  : 0/0
   662 ;;		Unchanged: 0/0
   663 ;; Data sizes:     COMRAM   BANK5   BANK6   BANK7   BANK8   BANK9  BANK10  BANK11  BANK12  BANK13  BANK14  BANK15  BANK1
      +6  BANK17  BANK18  BANK19  BANK20  BANK21  BANK22  BANK23  BANK24  BANK25  BANK26  BANK27  BANK28  BANK29  BANK30  BANK3
      +1  BANK32  BANK33  BANK34  BANK35  BANK36  BANK37
   664 ;;      Params:         0       0       0       0       0       0       0       0       0       0       0       0       
      +0       0       0       0       0       0       0       0       0       0       0       0       0       0       0       
      +0       0       0       0       0       0       0
   665 ;;      Locals:         0       0       0       0       0       0       0       0       0       0       0       0       
      +0       0       0       0       0       0       0       0       0       0       0       0       0       0       0       
      +0       0       0       0       0       0       0
   666 ;;      Temps:          0       0       0       0       0       0       0       0       0       0       0       0       
      +0       0       0       0       0       0       0       0       0       0       0       0       0       0       0       
      +0       0       0       0       0       0       0
   667 ;;      Totals:         0       0       0       0       0       0       0       0       0       0       0       0       
      +0       0       0       0       0       0       0       0       0       0       0       0       0       0       0       
      +0       0       0       0       0       0       0
   668 ;;Total ram usage:        0 bytes
   669 ;; Hardware stack levels used:    1
   670 ;; This function calls:
   671 ;;		Nothing
   672 ;; This function is called by:
   673 ;;		_main
   674 ;; This function uses a non-reentrant model
   675 ;;
   676                           
   677                           	psect	text7
   678  01FE9E                     __ptext7:
   679                           	callstack 0
   680  01FE9E                     _ClockSetup:
   681                           	callstack 127
   682  01FE9E  0012               	return		;funcret
   683  01FEA0                     __end_of_ClockSetup:
   684                           	callstack 0
   685  0000                     
   686                           	psect	rparam
   687  0000                     
   688                           	psect	idloc
   689                           
   690                           ;Config register IDLOC0 @ 0x200000
   691                           ;	unspecified, using default values
   692  200000                     	org	2097152
   693  200000  0FFF               	dw	4095
   694                           
   695                           ;Config register IDLOC1 @ 0x200002
   696                           ;	unspecified, using default values
   697  200002                     	org	2097154
   698  200002  0FFF               	dw	4095
   699                           
   700                           ;Config register IDLOC2 @ 0x200004
   701                           ;	unspecified, using default values
   702  200004                     	org	2097156
   703  200004  0FFF               	dw	4095
   704                           
   705                           ;Config register IDLOC3 @ 0x200006
   706                           ;	unspecified, using default values
   707  200006                     	org	2097158
   708  200006  0FFF               	dw	4095
   709                           
   710                           ;Config register IDLOC4 @ 0x200008
   711                           ;	unspecified, using default values
   712  200008                     	org	2097160
   713  200008  0FFF               	dw	4095
   714                           
   715                           ;Config register IDLOC5 @ 0x20000A
   716                           ;	unspecified, using default values
   717  20000A                     	org	2097162
   718  20000A  0FFF               	dw	4095
   719                           
   720                           ;Config register IDLOC6 @ 0x20000C
   721                           ;	unspecified, using default values
   722  20000C                     	org	2097164
   723  20000C  0FFF               	dw	4095
   724                           
   725                           ;Config register IDLOC7 @ 0x20000E
   726                           ;	unspecified, using default values
   727  20000E                     	org	2097166
   728  20000E  0FFF               	dw	4095
   729                           
   730                           ;Config register IDLOC8 @ 0x200010
   731                           ;	unspecified, using default values
   732  200010                     	org	2097168
   733  200010  0FFF               	dw	4095
   734                           
   735                           ;Config register IDLOC9 @ 0x200012
   736                           ;	unspecified, using default values
   737  200012                     	org	2097170
   738  200012  0FFF               	dw	4095
   739                           
   740                           ;Config register IDLOC10 @ 0x200014
   741                           ;	unspecified, using default values
   742  200014                     	org	2097172
   743  200014  0FFF               	dw	4095
   744                           
   745                           ;Config register IDLOC11 @ 0x200016
   746                           ;	unspecified, using default values
   747  200016                     	org	2097174
   748  200016  0FFF               	dw	4095
   749                           
   750                           ;Config register IDLOC12 @ 0x200018
   751                           ;	unspecified, using default values
   752  200018                     	org	2097176
   753  200018  0FFF               	dw	4095
   754                           
   755                           ;Config register IDLOC13 @ 0x20001A
   756                           ;	unspecified, using default values
   757  20001A                     	org	2097178
   758  20001A  0FFF               	dw	4095
   759                           
   760                           ;Config register IDLOC14 @ 0x20001C
   761                           ;	unspecified, using default values
   762  20001C                     	org	2097180
   763  20001C  0FFF               	dw	4095
   764                           
   765                           ;Config register IDLOC15 @ 0x20001E
   766                           ;	unspecified, using default values
   767  20001E                     	org	2097182
   768  20001E  0FFF               	dw	4095
   769                           
   770                           	psect	config
   771                           
   772                           ;Config register CONFIG1 @ 0x300000
   773                           ;	External Oscillator Selection
   774                           ;	FEXTOSC = OFF, Oscillator not enabled
   775                           ;	Reset Oscillator Selection
   776                           ;	RSTOSC = HFINTOSC_64MHZ, HFINTOSC with HFFRQ = 64 MHz and CDIV = 1:1
   777  300000                     	org	3145728
   778  300000  8C                 	db	140
   779                           
   780                           ;Config register CONFIG2 @ 0x300001
   781                           ;	Clock out Enable bit
   782                           ;	CLKOUTEN = ON, CLKOUT function is enabled
   783                           ;	PRLOCKED One-Way Set Enable bit
   784                           ;	PR1WAY = ON, PRLOCKED bit can be cleared and set only once
   785                           ;	Clock Switch Enable bit
   786                           ;	CSWEN = ON, Writing to NOSC and NDIV is allowed
   787                           ;	Fail-Safe Clock Monitor Enable bit
   788                           ;	FCMEN = ON, Fail-Safe Clock Monitor enabled
   789  300001                     	org	3145729
   790  300001  FE                 	db	254
   791                           
   792                           ;Config register CONFIG3 @ 0x300002
   793                           ;	MCLR Enable bit
   794                           ;	MCLRE = EXTMCLR, If LVP = 0, MCLR pin is MCLR; If LVP = 1, RE3 pin function is MCLR
   795                           ;	Power-up timer selection bits
   796                           ;	PWRTS = PWRT_OFF, PWRT is disabled
   797                           ;	Multi-vector enable bit
   798                           ;	MVECEN = ON, Multi-vector enabled, Vector table used for interrupts
   799                           ;	IVTLOCK bit One-way set enable bit
   800                           ;	IVT1WAY = ON, IVTLOCKED bit can be cleared and set only once
   801                           ;	Low Power BOR Enable bit
   802                           ;	LPBOREN = OFF, Low-Power BOR disabled
   803                           ;	Brown-out Reset Enable bits
   804                           ;	BOREN = SBORDIS, Brown-out Reset enabled , SBOREN bit is ignored
   805  300002                     	org	3145730
   806  300002  FF                 	db	255
   807                           
   808                           ;Config register CONFIG4 @ 0x300003
   809                           ;	Brown-out Reset Voltage Selection bits
   810                           ;	BORV = VBOR_2P85, Brown-out Reset Voltage (VBOR) set to 2.8V
   811                           ;	ZCD Disable bit
   812                           ;	ZCD = OFF, ZCD module is disabled. ZCD can be enabled by setting the ZCDSEN bit of ZCD
      +                          CON
   813                           ;	PPSLOCK bit One-Way Set Enable bit
   814                           ;	PPS1WAY = ON, PPSLOCKED bit can be cleared and set only once; PPS registers remain loc
      +                          ked after one clear/set cycle
   815                           ;	Stack Full/Underflow Reset Enable bit
   816                           ;	STVREN = ON, Stack full/underflow will cause Reset
   817                           ;	Low Voltage Programming Enable bit
   818                           ;	LVP = ON, Low voltage programming enabled. MCLR/VPP pin function is MCLR. MCLRE config
      +                          uration bit is ignored
   819                           ;	Extended Instruction Set Enable bit
   820                           ;	XINST = OFF, Extended Instruction Set and Indexed Addressing Mode disabled
   821  300003                     	org	3145731
   822  300003  FC                 	db	252
   823                           
   824                           ;Config register CONFIG5 @ 0x300004
   825                           ;	WDT Period selection bits
   826                           ;	WDTCPS = WDTCPS_31, Divider ratio 1:65536; software control of WDTPS
   827                           ;	WDT operating mode
   828                           ;	WDTE = OFF, WDT Disabled; SWDTEN is ignored
   829  300004                     	org	3145732
   830  300004  9F                 	db	159
   831                           
   832                           ;Config register CONFIG6 @ 0x300005
   833                           ;	WDT Window Select bits
   834                           ;	WDTCWS = WDTCWS_7, window always open (100%); software control; keyed access not requi
      +                          red
   835                           ;	WDT input clock selector
   836                           ;	WDTCCS = SC, Software Control
   837  300005                     	org	3145733
   838  300005  FF                 	db	255
   839                           
   840                           ;Config register CONFIG7 @ 0x300006
   841                           ;	Boot Block Size selection bits
   842                           ;	BBSIZE = BBSIZE_512, Boot Block size is 512 words
   843                           ;	Boot Block enable bit
   844                           ;	BBEN = OFF, Boot block disabled
   845                           ;	Storage Area Flash enable bit
   846                           ;	SAFEN = OFF, SAF disabled
   847                           ;	Background Debugger
   848                           ;	DEBUG = OFF, Background Debugger disabled
   849  300006                     	org	3145734
   850  300006  FF                 	db	255
   851                           
   852                           ;Config register CONFIG8 @ 0x300007
   853                           ;	Boot Block Write Protection bit
   854                           ;	WRTB = OFF, Boot Block not Write protected
   855                           ;	Configuration Register Write Protection bit
   856                           ;	WRTC = OFF, Configuration registers not Write protected
   857                           ;	Data EEPROM Write Protection bit
   858                           ;	WRTD = OFF, Data EEPROM not Write protected
   859                           ;	SAF Write protection bit
   860                           ;	WRTSAF = OFF, SAF not Write Protected
   861                           ;	Application Block write protection bit
   862                           ;	WRTAPP = OFF, Application Block not write protected
   863  300007                     	org	3145735
   864  300007  FF                 	db	255
   865                           
   866                           ; Padding undefined space
   867  300008                     	org	3145736
   868  300008  FF                 	db	255
   869                           
   870                           ;Config register CONFIG10 @ 0x300009
   871                           ;	PFM and Data EEPROM Code Protection bit
   872                           ;	CP = OFF, PFM and Data EEPROM code protection disabled
   873  300009                     	org	3145737
   874  300009  FF                 	db	255
   875                           tosu	equ	0x4FF
   876                           tosh	equ	0x4FE
   877                           tosl	equ	0x4FD
   878                           stkptr	equ	0x4FC
   879                           pclatu	equ	0x4FB
   880                           pclath	equ	0x4FA
   881                           pcl	equ	0x4F9
   882                           tblptru	equ	0x4F8
   883                           tblptrh	equ	0x4F7
   884                           tblptrl	equ	0x4F6
   885                           tablat	equ	0x4F5
   886                           prodh	equ	0x4F4
   887                           prodl	equ	0x4F3
   888                           indf0	equ	0x4EF
   889                           postinc0	equ	0x4EE
   890                           postdec0	equ	0x4ED
   891                           preinc0	equ	0x4EC
   892                           plusw0	equ	0x4EB
   893                           fsr0h	equ	0x4EA
   894                           fsr0l	equ	0x4E9
   895                           wreg	equ	0x4E8
   896                           indf1	equ	0x4E7
   897                           postinc1	equ	0x4E6
   898                           postdec1	equ	0x4E5
   899                           preinc1	equ	0x4E4
   900                           plusw1	equ	0x4E3
   901                           fsr1h	equ	0x4E2
   902                           fsr1l	equ	0x4E1
   903                           bsr	equ	0x4E0
   904                           indf2	equ	0x4DF
   905                           postinc2	equ	0x4DE
   906                           postdec2	equ	0x4DD
   907                           preinc2	equ	0x4DC
   908                           plusw2	equ	0x4DB
   909                           fsr2h	equ	0x4DA
   910                           fsr2l	equ	0x4D9
   911                           status	equ	0x4D8

Data Sizes:
    Strings     0
    Constant    0
    Data        6
    BSS         17
    Persistent  0
    Stack       0

Auto Spaces:
    Space          Size  Autos    Used
    COMRAM           95      7      30
    BANK5           160      0       0
    BANK6           256      0       0
    BANK7           256      0       0
    BANK8           256      0       0
    BANK9           256      0       0
    BANK10          256      0       0
    BANK11          256      0       0
    BANK12          256      0       0
    BANK13          256      0       0
    BANK14          256      0       0
    BANK15          256      0       0
    BANK16          256      0       0
    BANK17          256      0       0
    BANK18          256      0       0
    BANK19          256      0       0
    BANK20          256      0       0
    BANK21          256      0       0
    BANK22          256      0       0
    BANK23          256      0       0
    BANK24          256      0       0
    BANK25          256      0       0
    BANK26          256      0       0
    BANK27          256      0       0
    BANK28          256      0       0
    BANK29          256      0       0
    BANK30          256      0       0
    BANK31          256      0       0
    BANK32          256      0       0
    BANK33          256      0       0
    BANK34          256      0       0
    BANK35          256      0       0
    BANK36          256      0       0
    BANK37          256      0       0

Pointer List with Targets:

    None.

Critical Paths under _main in COMRAM

    _main->_UserAppRun

Critical Paths under _main in BANK5

    None.

Critical Paths under _main in BANK6

    None.

Critical Paths under _main in BANK7

    None.

Critical Paths under _main in BANK8

    None.

Critical Paths under _main in BANK9

    None.

Critical Paths under _main in BANK10

    None.

Critical Paths under _main in BANK11

    None.

Critical Paths under _main in BANK12

    None.

Critical Paths under _main in BANK13

    None.

Critical Paths under _main in BANK14

    None.

Critical Paths under _main in BANK15

    None.

Critical Paths under _main in BANK16

    None.

Critical Paths under _main in BANK17

    None.

Critical Paths under _main in BANK18

    None.

Critical Paths under _main in BANK19

    None.

Critical Paths under _main in BANK20

    None.

Critical Paths under _main in BANK21

    None.

Critical Paths under _main in BANK22

    None.

Critical Paths under _main in BANK23

    None.

Critical Paths under _main in BANK24

    None.

Critical Paths under _main in BANK25

    None.

Critical Paths under _main in BANK26

    None.

Critical Paths under _main in BANK27

    None.

Critical Paths under _main in BANK28

    None.

Critical Paths under _main in BANK29

    None.

Critical Paths under _main in BANK30

    None.

Critical Paths under _main in BANK31

    None.

Critical Paths under _main in BANK32

    None.

Critical Paths under _main in BANK33

    None.

Critical Paths under _main in BANK34

    None.

Critical Paths under _main in BANK35

    None.

Critical Paths under _main in BANK36

    None.

Critical Paths under _main in BANK37

    None.

Call Graph Tables:

 ---------------------------------------------------------------------------------
 (Depth) Function   	        Calls       Base Space   Used Autos Params    Refs
 ---------------------------------------------------------------------------------
 (0) _main                                                 0     0      0     150
                         _ClockSetup
                          _GpioSetup
                       _SysTickSetup
                        _SystemSleep
                            _TimeXus
                  _UserAppInitialize
                         _UserAppRun
 ---------------------------------------------------------------------------------
 (1) _UserAppRun                                           7     7      0      30
                                              0 COMRAM     7     7      0
 ---------------------------------------------------------------------------------
 (1) _UserAppInitialize                                    0     0      0       0
 ---------------------------------------------------------------------------------
 (1) _TimeXus                                              4     2      2     120
                                              0 COMRAM     4     2      2
 ---------------------------------------------------------------------------------
 (1) _SystemSleep                                          0     0      0       0
 ---------------------------------------------------------------------------------
 (1) _SysTickSetup                                         0     0      0       0
 ---------------------------------------------------------------------------------
 (1) _GpioSetup                                            0     0      0       0
 ---------------------------------------------------------------------------------
 (1) _ClockSetup                                           0     0      0       0
 ---------------------------------------------------------------------------------
 Estimated maximum stack depth 1
 ---------------------------------------------------------------------------------

 Call Graph Graphs:

 _main (ROOT)
   _ClockSetup
   _GpioSetup
   _SysTickSetup
   _SystemSleep
   _TimeXus
   _UserAppInitialize
   _UserAppRun

 Address spaces:
Name               Size   Autos  Total    Cost      Usage
BIGRAM            20FF      0       0      71        0.0%
EEDATA             400      0       0       0        0.0%
BITBANK37          100      0       0      70        0.0%
BANK37             100      0       0      68        0.0%
BITBANK36          100      0       0      66        0.0%
BANK36             100      0       0      67        0.0%
BITBANK35          100      0       0      64        0.0%
BANK35             100      0       0      65        0.0%
BITBANK34          100      0       0      62        0.0%
BANK34             100      0       0      63        0.0%
BITBANK33          100      0       0      60        0.0%
BANK33             100      0       0      61        0.0%
BITBANK32          100      0       0      58        0.0%
BANK32             100      0       0      59        0.0%
BITBANK31          100      0       0      56        0.0%
BANK31             100      0       0      57        0.0%
BITBANK30          100      0       0      54        0.0%
BANK30             100      0       0      55        0.0%
BITBANK29          100      0       0      52        0.0%
BANK29             100      0       0      53        0.0%
BITBANK28          100      0       0      50        0.0%
BANK28             100      0       0      51        0.0%
BITBANK27          100      0       0      48        0.0%
BANK27             100      0       0      49        0.0%
BITBANK26          100      0       0      46        0.0%
BANK26             100      0       0      47        0.0%
BITBANK25          100      0       0      44        0.0%
BANK25             100      0       0      45        0.0%
BITBANK24          100      0       0      42        0.0%
BANK24             100      0       0      43        0.0%
BITBANK23          100      0       0      40        0.0%
BANK23             100      0       0      41        0.0%
BITBANK22          100      0       0      38        0.0%
BANK22             100      0       0      39        0.0%
BITBANK21          100      0       0      36        0.0%
BANK21             100      0       0      37        0.0%
BITBANK20          100      0       0      34        0.0%
BANK20             100      0       0      35        0.0%
BITBANK19          100      0       0      32        0.0%
BANK19             100      0       0      33        0.0%
BITBANK18          100      0       0      30        0.0%
BANK18             100      0       0      31        0.0%
BITBANK17          100      0       0      28        0.0%
BANK17             100      0       0      29        0.0%
BITBANK16          100      0       0      26        0.0%
BANK16             100      0       0      27        0.0%
BITBANK15          100      0       0      24        0.0%
BANK15             100      0       0      25        0.0%
BITBANK14          100      0       0      22        0.0%
BANK14             100      0       0      23        0.0%
BITBANK13          100      0       0      20        0.0%
BANK13             100      0       0      21        0.0%
BITBANK12          100      0       0      18        0.0%
BANK12             100      0       0      19        0.0%
BITBANK11          100      0       0      16        0.0%
BANK11             100      0       0      17        0.0%
BITBANK10          100      0       0      14        0.0%
BANK10             100      0       0      15        0.0%
BITBANK9           100      0       0      12        0.0%
BANK9              100      0       0      13        0.0%
BITBANK8           100      0       0      10        0.0%
BANK8              100      0       0      11        0.0%
BITBANK7           100      0       0       8        0.0%
BANK7              100      0       0       9        0.0%
BITBANK6           100      0       0       6        0.0%
BANK6              100      0       0       7        0.0%
BITBANK5            A0      0       0       4        0.0%
BANK5               A0      0       0       5        0.0%
BITCOMRAM           5F      0       0       0        0.0%
COMRAM              5F      7      1E       1       31.6%
BITSFR_5             0      0       0     200        0.0%
SFR_5                0      0       0     200        0.0%
BITSFR_4             0      0       0     200        0.0%
SFR_4                0      0       0     200        0.0%
BITSFR_3             0      0       0     200        0.0%
SFR_3                0      0       0     200        0.0%
BITSFR_2             0      0       0     200        0.0%
SFR_2                0      0       0     200        0.0%
BITSFR_1             0      0       0     200        0.0%
SFR_1                0      0       0     200        0.0%
BITSFR               0      0       0     200        0.0%
SFR                  0      0       0     200        0.0%
STACK                0      0       0       2        0.0%
NULL                 0      0       0       0        0.0%
ABS                  0      0      1E      69        0.0%
DATA                 0      0      1E       3        0.0%
CODE                 0      0       0       0        0.0%


Microchip Technology PIC18 Macro Assembler V2.31 build 20201012212115 
Symbol Table                                                                                   Thu Mar 04 23:33:49 2021

     __size_of_SysTickSetup 0022                          l21 FEEC                          l15 FE9E  
                        l24 FEA0                          l18 FECA                          l90 FFFA  
                        l76 FEB6                          l79 FF0E                          u11 FF90  
                        u20 FFB2                          u21 FFAE                          u30 FFF2  
                        u31 FFEE                          u50 FF7C                          u51 FF78  
                       l822 FECC                         l830 FF42                         l824 FEEE  
                       l840 FF54                         l832 FF44                         l826 FEF2  
                       l770 FEA8                         l850 FF7C                         l842 FF58  
                       l834 FF48                         l828 FF04                         l780 FFBA  
                       l772 FF86                         l844 FF5A                         l836 FF4C  
                       l766 FEB8                         l790 FFDE                         l782 FFC0  
                       l774 FF98                         l846 FF5E                         l838 FF50  
                       l792 FFF2                         l784 FFC4                         l776 FF9C  
                       l848 FF6A                         l786 FFD4                         l778 FFB2  
                       l788 FFDA                         wreg 0004E8                        _LATA 0004BE  
                      _PIR3 0004B1                        _main FF42                _SysTickSetup FECC  
                      indf2 0004DF                        fsr1l 0004E1                        fsr2l 0004D9  
                      start FFFC        __size_of_SystemSleep 0002                ___param_bank 000000  
                _ClockSetup FE9E             __end_of_TimeXus FF10                       ?_main 0512  
                     _TMR0H 000319                       _TMR0L 000318                       _PORTA 0004CE  
                     _TRISA 0004C6                       tablat 0004F5                       plusw1 0004E3  
                     plusw2 0004DB                       status 0004D8             TimeXus@u16Input 0512  
           __initialization FF10                __end_of_main FF86                      ??_main 0519  
             __activetblptr 000000                      _ANSELA 000400                      _T0CON0 00031A  
                    _T0CON1 00031B          __size_of_GpioSetup 0014                   ??_TimeXus 0514  
               ?_ClockSetup 0512                      clear_0 FF36                __pdataCOMRAM 0519  
                    tblptrh 0004F7                      tblptrl 0004F6                      tblptru 0004F8  
                _UserAppRun FF86                  __accesstop 0560     __end_of__initialization FF3C  
             ___rparam_used 000001            _G_u8UserAppFlags 0511              __pcstackCOMRAM 0512  
         __end_of_GpioSetup FECC       UserAppRun@u8Temporary 0518         __size_of_ClockSetup 0002  
               ?_UserAppRun 0512               ??_SystemSleep 0512                     __Hparam 0000  
                   __Lparam 0000                     _TimeXus FEEE                     __pcinit FF10  
                   __ramtop 2600                     __ptext0 FF42                     __ptext1 FF86  
                   __ptext2 FEA8                     __ptext3 FEEE                     __ptext4 FEA0  
                   __ptext5 FECC                     __ptext6 FEB8                     __ptext7 FE9E  
      end_of_initialization FF3C          UserAppRun@intIndex 050F            _G_u32SystemFlags 0501  
                   postdec1 0004E5                     postinc0 0004EE         __end_of_SystemSleep FEA2  
              ??_ClockSetup 0512         __size_of_UserAppRun 0076          __end_of_ClockSetup FEA0  
             __pidataCOMRAM FEA2                   _GpioSetup FEB8         start_initialization FF10  
             ?_SysTickSetup 0512                 _SystemSleep FEA0                  ?_GpioSetup 0512  
               __pbssCOMRAM 0501           _UserAppInitialize FEA8                ??_UserAppRun 0512  
      UserAppRun@au8Pattern 0512          ?_UserAppInitialize 0512              ??_SysTickSetup 0512  
       ??_UserAppInitialize 0512                    ?_TimeXus 0512          __end_of_UserAppRun FFFC  
 __end_of_UserAppInitialize FEB8                 ??_GpioSetup 0512         UserAppRun@u16Static 050D  
                 copy_data0 FF24                    __Hrparam 0000                    __Lrparam 0000  
          __size_of_TimeXus 0022            UserAppRun@F15924 0519        __end_of_SysTickSetup FEEE  
__size_of_UserAppInitialize 0010               __size_of_main 0044                ?_SystemSleep 0512  
        _G_u32SystemTime1ms 0509           _G_u32SystemTime1s 0505  
